{"D:\\BookHaven\\server\\models\\Book.js": {"path":"D:\\BookHaven\\server\\models\\Book.js","statementMap":{"0":{"start":{"line":1,"column":17},"end":{"line":1,"column":36}},"1":{"start":{"line":2,"column":22},"end":{"line":2,"column":60}},"2":{"start":{"line":4,"column":19},"end":{"line":20,"column":26}},"3":{"start":{"line":23,"column":0},"end":{"line":23,"column":58}},"4":{"start":{"line":25,"column":0},"end":{"line":25,"column":52}}},"fnMap":{},"branchMap":{},"s":{"0":4,"1":4,"2":4,"3":4,"4":4},"f":{},"b":{},"_coverageSchema":"1a1c01bbd47fc00a2c39e90264f33305004495a9","hash":"15f4f15bb2618593a1160391baec205dc4529df6"}
,"D:\\BookHaven\\server\\models\\Favorite.js": {"path":"D:\\BookHaven\\server\\models\\Favorite.js","statementMap":{"0":{"start":{"line":1,"column":17},"end":{"line":1,"column":36}},"1":{"start":{"line":2,"column":22},"end":{"line":2,"column":60}},"2":{"start":{"line":4,"column":23},"end":{"line":8,"column":29}},"3":{"start":{"line":10,"column":0},"end":{"line":10,"column":66}},"4":{"start":{"line":11,"column":0},"end":{"line":11,"column":60}}},"fnMap":{},"branchMap":{},"s":{"0":1,"1":1,"2":1,"3":1,"4":1},"f":{},"b":{},"_coverageSchema":"1a1c01bbd47fc00a2c39e90264f33305004495a9","hash":"05529da99d2e71b18c8e73008acdb27591819324"}
,"D:\\BookHaven\\server\\models\\LendingTracker.js": {"path":"D:\\BookHaven\\server\\models\\LendingTracker.js","statementMap":{"0":{"start":{"line":1,"column":17},"end":{"line":1,"column":36}},"1":{"start":{"line":2,"column":22},"end":{"line":2,"column":60}},"2":{"start":{"line":4,"column":29},"end":{"line":28,"column":1}},"3":{"start":{"line":31,"column":0},"end":{"line":31,"column":70}},"4":{"start":{"line":33,"column":0},"end":{"line":33,"column":71}}},"fnMap":{},"branchMap":{},"s":{"0":2,"1":2,"2":2,"3":2,"4":2},"f":{},"b":{},"_coverageSchema":"1a1c01bbd47fc00a2c39e90264f33305004495a9","hash":"097c01fd92a9b66716540cf330105a7ce800fd14"}
,"D:\\BookHaven\\server\\models\\Quote.js": {"path":"D:\\BookHaven\\server\\models\\Quote.js","statementMap":{"0":{"start":{"line":1,"column":17},"end":{"line":1,"column":36}},"1":{"start":{"line":3,"column":20},"end":{"line":14,"column":2}},"2":{"start":{"line":17,"column":0},"end":{"line":24,"column":3}},"3":{"start":{"line":18,"column":2},"end":{"line":22,"column":3}},"4":{"start":{"line":20,"column":25},"end":{"line":20,"column":90}},"5":{"start":{"line":21,"column":4},"end":{"line":21,"column":87}},"6":{"start":{"line":23,"column":2},"end":{"line":23,"column":9}},"7":{"start":{"line":26,"column":0},"end":{"line":31,"column":3}},"8":{"start":{"line":33,"column":0},"end":{"line":33,"column":54}}},"fnMap":{"0":{"name":"(anonymous_0)","decl":{"start":{"line":17,"column":24},"end":{"line":17,"column":25}},"loc":{"start":{"line":17,"column":45},"end":{"line":24,"column":1}},"line":17}},"branchMap":{"0":{"loc":{"start":{"line":18,"column":2},"end":{"line":22,"column":3}},"type":"if","locations":[{"start":{"line":18,"column":2},"end":{"line":22,"column":3}},{"start":{},"end":{}}],"line":18},"1":{"loc":{"start":{"line":21,"column":19},"end":{"line":21,"column":86}},"type":"cond-expr","locations":[{"start":{"line":21,"column":58},"end":{"line":21,"column":82}},{"start":{"line":21,"column":85},"end":{"line":21,"column":86}}],"line":21},"2":{"loc":{"start":{"line":21,"column":19},"end":{"line":21,"column":55}},"type":"binary-expr","locations":[{"start":{"line":21,"column":19},"end":{"line":21,"column":31}},{"start":{"line":21,"column":35},"end":{"line":21,"column":55}}],"line":21}},"s":{"0":1,"1":1,"2":1,"3":0,"4":0,"5":0,"6":0,"7":1,"8":1},"f":{"0":0},"b":{"0":[0,0],"1":[0,0],"2":[0,0]},"_coverageSchema":"1a1c01bbd47fc00a2c39e90264f33305004495a9","hash":"ed4693970a7d77d20b10424141baae187f0ba5ea"}
,"D:\\BookHaven\\server\\models\\Reader.js": {"path":"D:\\BookHaven\\server\\models\\Reader.js","statementMap":{"0":{"start":{"line":1,"column":17},"end":{"line":1,"column":36}},"1":{"start":{"line":2,"column":22},"end":{"line":2,"column":60}},"2":{"start":{"line":3,"column":15},"end":{"line":3,"column":34}},"3":{"start":{"line":5,"column":21},"end":{"line":13,"column":28}},"4":{"start":{"line":16,"column":0},"end":{"line":16,"column":63}},"5":{"start":{"line":19,"column":0},"end":{"line":23,"column":5}},"6":{"start":{"line":20,"column":4},"end":{"line":20,"column":52}},"7":{"start":{"line":20,"column":38},"end":{"line":20,"column":52}},"8":{"start":{"line":21,"column":4},"end":{"line":21,"column":57}},"9":{"start":{"line":22,"column":4},"end":{"line":22,"column":11}},"10":{"start":{"line":25,"column":0},"end":{"line":25,"column":56}}},"fnMap":{"0":{"name":"(anonymous_0)","decl":{"start":{"line":19,"column":25},"end":{"line":19,"column":26}},"loc":{"start":{"line":19,"column":47},"end":{"line":23,"column":3}},"line":19}},"branchMap":{"0":{"loc":{"start":{"line":20,"column":4},"end":{"line":20,"column":52}},"type":"if","locations":[{"start":{"line":20,"column":4},"end":{"line":20,"column":52}},{"start":{},"end":{}}],"line":20}},"s":{"0":1,"1":1,"2":1,"3":1,"4":1,"5":1,"6":0,"7":0,"8":0,"9":0,"10":1},"f":{"0":0},"b":{"0":[0,0]},"_coverageSchema":"1a1c01bbd47fc00a2c39e90264f33305004495a9","hash":"e96292b998e1c252456a0834fb862ac44b536777"}
,"D:\\BookHaven\\server\\models\\ReadingGoal.js": {"path":"D:\\BookHaven\\server\\models\\ReadingGoal.js","statementMap":{"0":{"start":{"line":1,"column":17},"end":{"line":1,"column":36}},"1":{"start":{"line":2,"column":22},"end":{"line":2,"column":60}},"2":{"start":{"line":4,"column":26},"end":{"line":19,"column":33}},"3":{"start":{"line":21,"column":0},"end":{"line":21,"column":66}},"4":{"start":{"line":23,"column":0},"end":{"line":23,"column":66}}},"fnMap":{},"branchMap":{},"s":{"0":2,"1":2,"2":2,"3":2,"4":2},"f":{},"b":{},"_coverageSchema":"1a1c01bbd47fc00a2c39e90264f33305004495a9","hash":"27e7bcbfeabd8f9e196a6d686572b501b0c9b47b"}
,"D:\\BookHaven\\server\\models\\Rereader.js": {"path":"D:\\BookHaven\\server\\models\\Rereader.js","statementMap":{"0":{"start":{"line":1,"column":17},"end":{"line":1,"column":36}},"1":{"start":{"line":2,"column":22},"end":{"line":2,"column":60}},"2":{"start":{"line":3,"column":23},"end":{"line":8,"column":30}},"3":{"start":{"line":9,"column":0},"end":{"line":9,"column":65}},"4":{"start":{"line":10,"column":0},"end":{"line":10,"column":60}}},"fnMap":{},"branchMap":{},"s":{"0":1,"1":1,"2":1,"3":1,"4":1},"f":{},"b":{},"_coverageSchema":"1a1c01bbd47fc00a2c39e90264f33305004495a9","hash":"123bb40c15ec0475a6f07c3f077df604b920c713"}
,"D:\\BookHaven\\server\\models\\Tag.js": {"path":"D:\\BookHaven\\server\\models\\Tag.js","statementMap":{"0":{"start":{"line":1,"column":17},"end":{"line":1,"column":36}},"1":{"start":{"line":2,"column":22},"end":{"line":2,"column":60}},"2":{"start":{"line":4,"column":18},"end":{"line":8,"column":26}},"3":{"start":{"line":11,"column":0},"end":{"line":11,"column":53}},"4":{"start":{"line":13,"column":0},"end":{"line":13,"column":51}}},"fnMap":{},"branchMap":{},"s":{"0":1,"1":1,"2":1,"3":1,"4":1},"f":{},"b":{},"_coverageSchema":"1a1c01bbd47fc00a2c39e90264f33305004495a9","hash":"7a8a0a760d80bd5bd92242a32b9bdc6101766def"}
,"D:\\BookHaven\\server\\models\\Timer.js": {"path":"D:\\BookHaven\\server\\models\\Timer.js","statementMap":{"0":{"start":{"line":2,"column":17},"end":{"line":2,"column":36}},"1":{"start":{"line":4,"column":20},"end":{"line":11,"column":2}},"2":{"start":{"line":13,"column":0},"end":{"line":13,"column":54}}},"fnMap":{},"branchMap":{},"s":{"0":2,"1":2,"2":2},"f":{},"b":{},"_coverageSchema":"1a1c01bbd47fc00a2c39e90264f33305004495a9","hash":"af6afa62d6bf4ac9d3e526ca0643a107a6e9428f"}
,"D:\\BookHaven\\server\\models\\Trash.js": {"path":"D:\\BookHaven\\server\\models\\Trash.js","statementMap":{"0":{"start":{"line":1,"column":17},"end":{"line":1,"column":36}},"1":{"start":{"line":2,"column":22},"end":{"line":2,"column":60}},"2":{"start":{"line":4,"column":20},"end":{"line":9,"column":27}},"3":{"start":{"line":11,"column":0},"end":{"line":11,"column":60}},"4":{"start":{"line":13,"column":0},"end":{"line":13,"column":54}}},"fnMap":{},"branchMap":{},"s":{"0":1,"1":1,"2":1,"3":1,"4":1},"f":{},"b":{},"_coverageSchema":"1a1c01bbd47fc00a2c39e90264f33305004495a9","hash":"25eca992ad773ec834234ee7fc8bff1b18e5cb42"}
,"D:\\BookHaven\\server\\routes\\books.js": {"path":"D:\\BookHaven\\server\\routes\\books.js","statementMap":{"0":{"start":{"line":1,"column":15},"end":{"line":1,"column":32}},"1":{"start":{"line":2,"column":19},"end":{"line":2,"column":43}},"2":{"start":{"line":3,"column":30},"end":{"line":3,"column":66}},"3":{"start":{"line":4,"column":16},"end":{"line":4,"column":34}},"4":{"start":{"line":5,"column":13},"end":{"line":5,"column":38}},"5":{"start":{"line":6,"column":14},"end":{"line":6,"column":40}},"6":{"start":{"line":7,"column":13},"end":{"line":7,"column":37}},"7":{"start":{"line":8,"column":17},"end":{"line":8,"column":46}},"8":{"start":{"line":9,"column":14},"end":{"line":9,"column":40}},"9":{"start":{"line":10,"column":17},"end":{"line":10,"column":46}},"10":{"start":{"line":12,"column":15},"end":{"line":12,"column":31}},"11":{"start":{"line":15,"column":16},"end":{"line":21,"column":2}},"12":{"start":{"line":23,"column":15},"end":{"line":23,"column":34}},"13":{"start":{"line":26,"column":0},"end":{"line":40,"column":3}},"14":{"start":{"line":27,"column":4},"end":{"line":39,"column":5}},"15":{"start":{"line":28,"column":29},"end":{"line":28,"column":38}},"16":{"start":{"line":30,"column":8},"end":{"line":32,"column":9}},"17":{"start":{"line":31,"column":12},"end":{"line":31,"column":78}},"18":{"start":{"line":34,"column":22},"end":{"line":34,"column":69}},"19":{"start":{"line":35,"column":8},"end":{"line":35,"column":28}},"20":{"start":{"line":37,"column":8},"end":{"line":37,"column":54}},"21":{"start":{"line":38,"column":8},"end":{"line":38,"column":73}},"22":{"start":{"line":43,"column":0},"end":{"line":57,"column":5}},"23":{"start":{"line":44,"column":4},"end":{"line":56,"column":5}},"24":{"start":{"line":45,"column":21},"end":{"line":45,"column":31}},"25":{"start":{"line":46,"column":6},"end":{"line":48,"column":7}},"26":{"start":{"line":47,"column":8},"end":{"line":47,"column":72}},"27":{"start":{"line":50,"column":21},"end":{"line":50,"column":85}},"28":{"start":{"line":52,"column":6},"end":{"line":52,"column":35}},"29":{"start":{"line":54,"column":6},"end":{"line":54,"column":53}},"30":{"start":{"line":55,"column":6},"end":{"line":55,"column":72}},"31":{"start":{"line":60,"column":2},"end":{"line":86,"column":5}},"32":{"start":{"line":61,"column":4},"end":{"line":85,"column":5}},"33":{"start":{"line":62,"column":25},"end":{"line":62,"column":35}},"34":{"start":{"line":63,"column":22},"end":{"line":63,"column":30}},"35":{"start":{"line":65,"column":6},"end":{"line":67,"column":7}},"36":{"start":{"line":66,"column":8},"end":{"line":66,"column":66}},"37":{"start":{"line":69,"column":19},"end":{"line":69,"column":67}},"38":{"start":{"line":70,"column":6},"end":{"line":72,"column":7}},"39":{"start":{"line":71,"column":8},"end":{"line":71,"column":65}},"40":{"start":{"line":74,"column":21},"end":{"line":77,"column":8}},"41":{"start":{"line":79,"column":6},"end":{"line":79,"column":26}},"42":{"start":{"line":81,"column":6},"end":{"line":81,"column":35}},"43":{"start":{"line":83,"column":6},"end":{"line":83,"column":48}},"44":{"start":{"line":84,"column":6},"end":{"line":84,"column":59}},"45":{"start":{"line":88,"column":0},"end":{"line":108,"column":3}},"46":{"start":{"line":89,"column":4},"end":{"line":107,"column":5}},"47":{"start":{"line":90,"column":27},"end":{"line":90,"column":37}},"48":{"start":{"line":91,"column":24},"end":{"line":91,"column":32}},"49":{"start":{"line":94,"column":28},"end":{"line":97,"column":10}},"50":{"start":{"line":99,"column":8},"end":{"line":101,"column":9}},"51":{"start":{"line":100,"column":12},"end":{"line":100,"column":82}},"52":{"start":{"line":103,"column":8},"end":{"line":103,"column":70}},"53":{"start":{"line":105,"column":8},"end":{"line":105,"column":52}},"54":{"start":{"line":106,"column":8},"end":{"line":106,"column":64}},"55":{"start":{"line":111,"column":0},"end":{"line":120,"column":3}},"56":{"start":{"line":112,"column":4},"end":{"line":119,"column":5}},"57":{"start":{"line":113,"column":27},"end":{"line":113,"column":37}},"58":{"start":{"line":114,"column":21},"end":{"line":114,"column":66}},"59":{"start":{"line":115,"column":8},"end":{"line":115,"column":35}},"60":{"start":{"line":117,"column":8},"end":{"line":117,"column":53}},"61":{"start":{"line":118,"column":8},"end":{"line":118,"column":64}},"62":{"start":{"line":123,"column":2},"end":{"line":147,"column":5}},"63":{"start":{"line":124,"column":4},"end":{"line":146,"column":5}},"64":{"start":{"line":125,"column":21},"end":{"line":125,"column":31}},"65":{"start":{"line":126,"column":24},"end":{"line":126,"column":32}},"66":{"start":{"line":128,"column":6},"end":{"line":130,"column":7}},"67":{"start":{"line":129,"column":8},"end":{"line":129,"column":72}},"68":{"start":{"line":132,"column":6},"end":{"line":134,"column":7}},"69":{"start":{"line":133,"column":8},"end":{"line":133,"column":75}},"70":{"start":{"line":136,"column":23},"end":{"line":139,"column":8}},"71":{"start":{"line":141,"column":25},"end":{"line":141,"column":46}},"72":{"start":{"line":142,"column":6},"end":{"line":142,"column":39}},"73":{"start":{"line":144,"column":6},"end":{"line":144,"column":50}},"74":{"start":{"line":145,"column":6},"end":{"line":145,"column":69}},"75":{"start":{"line":149,"column":2},"end":{"line":170,"column":5}},"76":{"start":{"line":150,"column":4},"end":{"line":169,"column":5}},"77":{"start":{"line":151,"column":26},"end":{"line":151,"column":36}},"78":{"start":{"line":152,"column":6},"end":{"line":152,"column":68}},"79":{"start":{"line":154,"column":20},"end":{"line":154,"column":46}},"80":{"start":{"line":157,"column":21},"end":{"line":157,"column":79}},"81":{"start":{"line":159,"column":6},"end":{"line":159,"column":44}},"82":{"start":{"line":161,"column":6},"end":{"line":163,"column":7}},"83":{"start":{"line":162,"column":8},"end":{"line":162,"column":68}},"84":{"start":{"line":165,"column":6},"end":{"line":165,"column":70}},"85":{"start":{"line":167,"column":6},"end":{"line":167,"column":52}},"86":{"start":{"line":168,"column":6},"end":{"line":168,"column":71}},"87":{"start":{"line":178,"column":0},"end":{"line":215,"column":3}},"88":{"start":{"line":179,"column":33},"end":{"line":179,"column":41}},"89":{"start":{"line":181,"column":4},"end":{"line":214,"column":5}},"90":{"start":{"line":183,"column":21},"end":{"line":183,"column":79}},"91":{"start":{"line":184,"column":8},"end":{"line":186,"column":9}},"92":{"start":{"line":185,"column":12},"end":{"line":185,"column":69}},"93":{"start":{"line":189,"column":33},"end":{"line":189,"column":77}},"94":{"start":{"line":191,"column":8},"end":{"line":210,"column":9}},"95":{"start":{"line":193,"column":12},"end":{"line":193,"column":59}},"96":{"start":{"line":194,"column":12},"end":{"line":197,"column":15}},"97":{"start":{"line":200,"column":29},"end":{"line":204,"column":14}},"98":{"start":{"line":205,"column":12},"end":{"line":205,"column":34}},"99":{"start":{"line":206,"column":12},"end":{"line":209,"column":15}},"100":{"start":{"line":212,"column":8},"end":{"line":212,"column":64}},"101":{"start":{"line":213,"column":8},"end":{"line":213,"column":87}},"102":{"start":{"line":218,"column":0},"end":{"line":239,"column":3}},"103":{"start":{"line":219,"column":4},"end":{"line":238,"column":5}},"104":{"start":{"line":220,"column":40},"end":{"line":220,"column":49}},"105":{"start":{"line":223,"column":6},"end":{"line":223,"column":41}},"106":{"start":{"line":224,"column":6},"end":{"line":224,"column":43}},"107":{"start":{"line":226,"column":27},"end":{"line":232,"column":8}},"108":{"start":{"line":234,"column":6},"end":{"line":234,"column":43}},"109":{"start":{"line":236,"column":6},"end":{"line":236,"column":65}},"110":{"start":{"line":237,"column":6},"end":{"line":237,"column":75}},"111":{"start":{"line":243,"column":0},"end":{"line":269,"column":3}},"112":{"start":{"line":244,"column":25},"end":{"line":244,"column":34}},"113":{"start":{"line":246,"column":4},"end":{"line":268,"column":5}},"114":{"start":{"line":247,"column":8},"end":{"line":249,"column":9}},"115":{"start":{"line":248,"column":12},"end":{"line":248,"column":78}},"116":{"start":{"line":252,"column":26},"end":{"line":252,"column":69}},"117":{"start":{"line":255,"column":32},"end":{"line":255,"column":74}},"118":{"start":{"line":255,"column":58},"end":{"line":255,"column":73}},"119":{"start":{"line":256,"column":30},"end":{"line":256,"column":83}},"120":{"start":{"line":259,"column":38},"end":{"line":262,"column":11}},"121":{"start":{"line":259,"column":65},"end":{"line":262,"column":9}},"122":{"start":{"line":264,"column":8},"end":{"line":264,"column":52}},"123":{"start":{"line":266,"column":8},"end":{"line":266,"column":58}},"124":{"start":{"line":267,"column":8},"end":{"line":267,"column":77}},"125":{"start":{"line":273,"column":0},"end":{"line":309,"column":3}},"126":{"start":{"line":274,"column":4},"end":{"line":308,"column":5}},"127":{"start":{"line":275,"column":25},"end":{"line":275,"column":43}},"128":{"start":{"line":278,"column":8},"end":{"line":280,"column":9}},"129":{"start":{"line":279,"column":12},"end":{"line":279,"column":78}},"130":{"start":{"line":282,"column":29},"end":{"line":282,"column":69}},"131":{"start":{"line":285,"column":33},"end":{"line":300,"column":9}},"132":{"start":{"line":287,"column":29},"end":{"line":287,"column":73}},"133":{"start":{"line":288,"column":16},"end":{"line":288,"column":39}},"134":{"start":{"line":288,"column":27},"end":{"line":288,"column":39}},"135":{"start":{"line":292,"column":34},"end":{"line":292,"column":80}},"136":{"start":{"line":293,"column":33},"end":{"line":293,"column":76}},"137":{"start":{"line":295,"column":16},"end":{"line":298,"column":18}},"138":{"start":{"line":303,"column":8},"end":{"line":303,"column":70}},"139":{"start":{"line":306,"column":8},"end":{"line":306,"column":52}},"140":{"start":{"line":307,"column":8},"end":{"line":307,"column":93}},"141":{"start":{"line":313,"column":0},"end":{"line":346,"column":3}},"142":{"start":{"line":314,"column":33},"end":{"line":314,"column":41}},"143":{"start":{"line":316,"column":4},"end":{"line":345,"column":5}},"144":{"start":{"line":318,"column":21},"end":{"line":318,"column":79}},"145":{"start":{"line":319,"column":8},"end":{"line":321,"column":9}},"146":{"start":{"line":320,"column":12},"end":{"line":320,"column":69}},"147":{"start":{"line":324,"column":31},"end":{"line":324,"column":72}},"148":{"start":{"line":325,"column":8},"end":{"line":327,"column":9}},"149":{"start":{"line":326,"column":12},"end":{"line":326,"column":81}},"150":{"start":{"line":330,"column":27},"end":{"line":334,"column":10}},"151":{"start":{"line":335,"column":8},"end":{"line":335,"column":32}},"152":{"start":{"line":338,"column":8},"end":{"line":338,"column":38}},"153":{"start":{"line":339,"column":8},"end":{"line":339,"column":26}},"154":{"start":{"line":341,"column":8},"end":{"line":341,"column":78}},"155":{"start":{"line":343,"column":8},"end":{"line":343,"column":60}},"156":{"start":{"line":344,"column":8},"end":{"line":344,"column":83}},"157":{"start":{"line":349,"column":0},"end":{"line":379,"column":3}},"158":{"start":{"line":350,"column":24},"end":{"line":350,"column":32}},"159":{"start":{"line":351,"column":4},"end":{"line":378,"column":5}},"160":{"start":{"line":353,"column":29},"end":{"line":353,"column":75}},"161":{"start":{"line":355,"column":8},"end":{"line":357,"column":9}},"162":{"start":{"line":356,"column":12},"end":{"line":356,"column":93}},"163":{"start":{"line":360,"column":8},"end":{"line":372,"column":9}},"164":{"start":{"line":361,"column":25},"end":{"line":361,"column":75}},"165":{"start":{"line":362,"column":12},"end":{"line":364,"column":13}},"166":{"start":{"line":363,"column":16},"end":{"line":363,"column":105}},"167":{"start":{"line":367,"column":12},"end":{"line":367,"column":64}},"168":{"start":{"line":368,"column":12},"end":{"line":368,"column":30}},"169":{"start":{"line":371,"column":12},"end":{"line":371,"column":66}},"170":{"start":{"line":374,"column":8},"end":{"line":374,"column":73}},"171":{"start":{"line":376,"column":8},"end":{"line":376,"column":55}},"172":{"start":{"line":377,"column":8},"end":{"line":377,"column":74}},"173":{"start":{"line":381,"column":0},"end":{"line":393,"column":3}},"174":{"start":{"line":382,"column":24},"end":{"line":382,"column":32}},"175":{"start":{"line":383,"column":4},"end":{"line":392,"column":3}},"176":{"start":{"line":384,"column":6},"end":{"line":384,"column":59}},"177":{"start":{"line":385,"column":6},"end":{"line":385,"column":58}},"178":{"start":{"line":386,"column":6},"end":{"line":386,"column":58}},"179":{"start":{"line":388,"column":4},"end":{"line":388,"column":72}},"180":{"start":{"line":390,"column":4},"end":{"line":390,"column":57}},"181":{"start":{"line":391,"column":4},"end":{"line":391,"column":67}},"182":{"start":{"line":396,"column":0},"end":{"line":449,"column":3}},"183":{"start":{"line":397,"column":4},"end":{"line":448,"column":5}},"184":{"start":{"line":398,"column":8},"end":{"line":398,"column":48}},"185":{"start":{"line":399,"column":8},"end":{"line":399,"column":48}},"186":{"start":{"line":400,"column":189},"end":{"line":400,"column":197}},"187":{"start":{"line":402,"column":8},"end":{"line":404,"column":9}},"188":{"start":{"line":403,"column":12},"end":{"line":403,"column":78}},"189":{"start":{"line":406,"column":24},"end":{"line":421,"column":10}},"190":{"start":{"line":423,"column":26},"end":{"line":423,"column":46}},"191":{"start":{"line":426,"column":8},"end":{"line":439,"column":9}},"192":{"start":{"line":428,"column":30},"end":{"line":428,"column":79}},"193":{"start":{"line":431,"column":32},"end":{"line":436,"column":14}},"194":{"start":{"line":432,"column":16},"end":{"line":435,"column":26}},"195":{"start":{"line":438,"column":12},"end":{"line":438,"column":43}},"196":{"start":{"line":441,"column":8},"end":{"line":444,"column":11}},"197":{"start":{"line":446,"column":8},"end":{"line":446,"column":29}},"198":{"start":{"line":447,"column":8},"end":{"line":447,"column":71}},"199":{"start":{"line":453,"column":0},"end":{"line":468,"column":3}},"200":{"start":{"line":454,"column":4},"end":{"line":467,"column":5}},"201":{"start":{"line":455,"column":21},"end":{"line":455,"column":104}},"202":{"start":{"line":456,"column":8},"end":{"line":458,"column":9}},"203":{"start":{"line":457,"column":12},"end":{"line":457,"column":71}},"204":{"start":{"line":461,"column":21},"end":{"line":461,"column":61}},"205":{"start":{"line":463,"column":8},"end":{"line":463,"column":33}},"206":{"start":{"line":465,"column":8},"end":{"line":465,"column":53}},"207":{"start":{"line":466,"column":8},"end":{"line":466,"column":80}},"208":{"start":{"line":473,"column":0},"end":{"line":491,"column":3}},"209":{"start":{"line":474,"column":4},"end":{"line":490,"column":5}},"210":{"start":{"line":475,"column":45},"end":{"line":475,"column":53}},"211":{"start":{"line":476,"column":28},"end":{"line":480,"column":9}},"212":{"start":{"line":482,"column":8},"end":{"line":484,"column":9}},"213":{"start":{"line":483,"column":12},"end":{"line":483,"column":71}},"214":{"start":{"line":486,"column":8},"end":{"line":486,"column":79}},"215":{"start":{"line":488,"column":8},"end":{"line":488,"column":53}},"216":{"start":{"line":489,"column":8},"end":{"line":489,"column":80}},"217":{"start":{"line":492,"column":0},"end":{"line":509,"column":3}},"218":{"start":{"line":493,"column":4},"end":{"line":508,"column":5}},"219":{"start":{"line":494,"column":23},"end":{"line":494,"column":36}},"220":{"start":{"line":495,"column":25},"end":{"line":495,"column":38}},"221":{"start":{"line":498,"column":24},"end":{"line":502,"column":9}},"222":{"start":{"line":504,"column":8},"end":{"line":504,"column":95}},"223":{"start":{"line":506,"column":8},"end":{"line":506,"column":44}},"224":{"start":{"line":507,"column":8},"end":{"line":507,"column":65}},"225":{"start":{"line":510,"column":0},"end":{"line":556,"column":3}},"226":{"start":{"line":511,"column":4},"end":{"line":555,"column":5}},"227":{"start":{"line":512,"column":8},"end":{"line":512,"column":81}},"228":{"start":{"line":513,"column":8},"end":{"line":513,"column":47}},"229":{"start":{"line":515,"column":30},"end":{"line":515,"column":38}},"230":{"start":{"line":517,"column":8},"end":{"line":519,"column":9}},"231":{"start":{"line":518,"column":12},"end":{"line":518,"column":81}},"232":{"start":{"line":522,"column":21},"end":{"line":522,"column":74}},"233":{"start":{"line":524,"column":8},"end":{"line":526,"column":9}},"234":{"start":{"line":525,"column":12},"end":{"line":525,"column":72}},"235":{"start":{"line":528,"column":8},"end":{"line":528,"column":65}},"236":{"start":{"line":531,"column":8},"end":{"line":533,"column":9}},"237":{"start":{"line":532,"column":12},"end":{"line":532,"column":36}},"238":{"start":{"line":534,"column":8},"end":{"line":537,"column":9}},"239":{"start":{"line":535,"column":12},"end":{"line":535,"column":44}},"240":{"start":{"line":536,"column":12},"end":{"line":536,"column":69}},"241":{"start":{"line":539,"column":8},"end":{"line":539,"column":90}},"242":{"start":{"line":541,"column":8},"end":{"line":545,"column":9}},"243":{"start":{"line":542,"column":12},"end":{"line":542,"column":46}},"244":{"start":{"line":543,"column":12},"end":{"line":543,"column":67}},"245":{"start":{"line":547,"column":8},"end":{"line":547,"column":65}},"246":{"start":{"line":549,"column":8},"end":{"line":549,"column":26}},"247":{"start":{"line":551,"column":8},"end":{"line":551,"column":65}},"248":{"start":{"line":553,"column":8},"end":{"line":553,"column":59}},"249":{"start":{"line":554,"column":8},"end":{"line":554,"column":84}},"250":{"start":{"line":558,"column":0},"end":{"line":586,"column":3}},"251":{"start":{"line":559,"column":4},"end":{"line":585,"column":5}},"252":{"start":{"line":560,"column":21},"end":{"line":560,"column":74}},"253":{"start":{"line":561,"column":8},"end":{"line":563,"column":9}},"254":{"start":{"line":562,"column":12},"end":{"line":562,"column":87}},"255":{"start":{"line":564,"column":8},"end":{"line":564,"column":49}},"256":{"start":{"line":565,"column":28},"end":{"line":569,"column":10}},"257":{"start":{"line":571,"column":8},"end":{"line":571,"column":33}},"258":{"start":{"line":574,"column":8},"end":{"line":574,"column":31}},"259":{"start":{"line":575,"column":8},"end":{"line":575,"column":29}},"260":{"start":{"line":576,"column":8},"end":{"line":576,"column":40}},"261":{"start":{"line":577,"column":8},"end":{"line":577,"column":32}},"262":{"start":{"line":579,"column":8},"end":{"line":579,"column":26}},"263":{"start":{"line":581,"column":8},"end":{"line":581,"column":75}},"264":{"start":{"line":583,"column":8},"end":{"line":583,"column":27}},"265":{"start":{"line":584,"column":8},"end":{"line":584,"column":56}},"266":{"start":{"line":588,"column":0},"end":{"line":607,"column":5}},"267":{"start":{"line":589,"column":4},"end":{"line":606,"column":5}},"268":{"start":{"line":590,"column":21},"end":{"line":590,"column":42}},"269":{"start":{"line":592,"column":6},"end":{"line":594,"column":7}},"270":{"start":{"line":593,"column":8},"end":{"line":593,"column":70}},"271":{"start":{"line":596,"column":22},"end":{"line":596,"column":76}},"272":{"start":{"line":598,"column":6},"end":{"line":600,"column":7}},"273":{"start":{"line":599,"column":8},"end":{"line":599,"column":89}},"274":{"start":{"line":602,"column":6},"end":{"line":602,"column":36}},"275":{"start":{"line":604,"column":6},"end":{"line":604,"column":60}},"276":{"start":{"line":605,"column":6},"end":{"line":605,"column":72}},"277":{"start":{"line":608,"column":0},"end":{"line":608,"column":24}}},"fnMap":{"0":{"name":"(anonymous_0)","decl":{"start":{"line":26,"column":16},"end":{"line":26,"column":17}},"loc":{"start":{"line":26,"column":36},"end":{"line":40,"column":1}},"line":26},"1":{"name":"(anonymous_1)","decl":{"start":{"line":43,"column":26},"end":{"line":43,"column":27}},"loc":{"start":{"line":43,"column":46},"end":{"line":57,"column":3}},"line":43},"2":{"name":"(anonymous_2)","decl":{"start":{"line":60,"column":31},"end":{"line":60,"column":32}},"loc":{"start":{"line":60,"column":51},"end":{"line":86,"column":3}},"line":60},"3":{"name":"(anonymous_3)","decl":{"start":{"line":88,"column":31},"end":{"line":88,"column":32}},"loc":{"start":{"line":88,"column":51},"end":{"line":108,"column":1}},"line":88},"4":{"name":"(anonymous_4)","decl":{"start":{"line":111,"column":28},"end":{"line":111,"column":29}},"loc":{"start":{"line":111,"column":48},"end":{"line":120,"column":1}},"line":111},"5":{"name":"(anonymous_5)","decl":{"start":{"line":123,"column":29},"end":{"line":123,"column":30}},"loc":{"start":{"line":123,"column":49},"end":{"line":147,"column":3}},"line":123},"6":{"name":"(anonymous_6)","decl":{"start":{"line":149,"column":36},"end":{"line":149,"column":37}},"loc":{"start":{"line":149,"column":56},"end":{"line":170,"column":3}},"line":149},"7":{"name":"(anonymous_7)","decl":{"start":{"line":178,"column":25},"end":{"line":178,"column":26}},"loc":{"start":{"line":178,"column":45},"end":{"line":215,"column":1}},"line":178},"8":{"name":"(anonymous_8)","decl":{"start":{"line":218,"column":21},"end":{"line":218,"column":22}},"loc":{"start":{"line":218,"column":41},"end":{"line":239,"column":1}},"line":218},"9":{"name":"(anonymous_9)","decl":{"start":{"line":243,"column":25},"end":{"line":243,"column":26}},"loc":{"start":{"line":243,"column":45},"end":{"line":269,"column":1}},"line":243},"10":{"name":"(anonymous_10)","decl":{"start":{"line":255,"column":46},"end":{"line":255,"column":47}},"loc":{"start":{"line":255,"column":58},"end":{"line":255,"column":73}},"line":255},"11":{"name":"(anonymous_11)","decl":{"start":{"line":259,"column":56},"end":{"line":259,"column":57}},"loc":{"start":{"line":259,"column":65},"end":{"line":262,"column":9}},"line":259},"12":{"name":"(anonymous_12)","decl":{"start":{"line":273,"column":21},"end":{"line":273,"column":22}},"loc":{"start":{"line":273,"column":41},"end":{"line":309,"column":1}},"line":273},"13":{"name":"(anonymous_13)","decl":{"start":{"line":286,"column":29},"end":{"line":286,"column":30}},"loc":{"start":{"line":286,"column":46},"end":{"line":299,"column":13}},"line":286},"14":{"name":"(anonymous_14)","decl":{"start":{"line":313,"column":22},"end":{"line":313,"column":23}},"loc":{"start":{"line":313,"column":42},"end":{"line":346,"column":1}},"line":313},"15":{"name":"(anonymous_15)","decl":{"start":{"line":349,"column":30},"end":{"line":349,"column":31}},"loc":{"start":{"line":349,"column":50},"end":{"line":379,"column":1}},"line":349},"16":{"name":"(anonymous_16)","decl":{"start":{"line":381,"column":29},"end":{"line":381,"column":30}},"loc":{"start":{"line":381,"column":49},"end":{"line":393,"column":1}},"line":381},"17":{"name":"(anonymous_17)","decl":{"start":{"line":396,"column":50},"end":{"line":396,"column":51}},"loc":{"start":{"line":396,"column":70},"end":{"line":449,"column":1}},"line":396},"18":{"name":"(anonymous_18)","decl":{"start":{"line":431,"column":46},"end":{"line":431,"column":47}},"loc":{"start":{"line":431,"column":53},"end":{"line":436,"column":13}},"line":431},"19":{"name":"(anonymous_19)","decl":{"start":{"line":453,"column":19},"end":{"line":453,"column":20}},"loc":{"start":{"line":453,"column":39},"end":{"line":468,"column":1}},"line":453},"20":{"name":"(anonymous_20)","decl":{"start":{"line":473,"column":19},"end":{"line":473,"column":20}},"loc":{"start":{"line":473,"column":39},"end":{"line":491,"column":1}},"line":473},"21":{"name":"(anonymous_21)","decl":{"start":{"line":492,"column":57},"end":{"line":492,"column":58}},"loc":{"start":{"line":492,"column":77},"end":{"line":509,"column":1}},"line":492},"22":{"name":"(anonymous_22)","decl":{"start":{"line":510,"column":32},"end":{"line":510,"column":33}},"loc":{"start":{"line":510,"column":52},"end":{"line":556,"column":1}},"line":510},"23":{"name":"(anonymous_23)","decl":{"start":{"line":558,"column":27},"end":{"line":558,"column":28}},"loc":{"start":{"line":558,"column":47},"end":{"line":586,"column":1}},"line":558},"24":{"name":"(anonymous_24)","decl":{"start":{"line":588,"column":27},"end":{"line":588,"column":28}},"loc":{"start":{"line":588,"column":47},"end":{"line":607,"column":3}},"line":588}},"branchMap":{"0":{"loc":{"start":{"line":30,"column":8},"end":{"line":32,"column":9}},"type":"if","locations":[{"start":{"line":30,"column":8},"end":{"line":32,"column":9}},{"start":{},"end":{}}],"line":30},"1":{"loc":{"start":{"line":46,"column":6},"end":{"line":48,"column":7}},"type":"if","locations":[{"start":{"line":46,"column":6},"end":{"line":48,"column":7}},{"start":{},"end":{}}],"line":46},"2":{"loc":{"start":{"line":65,"column":6},"end":{"line":67,"column":7}},"type":"if","locations":[{"start":{"line":65,"column":6},"end":{"line":67,"column":7}},{"start":{},"end":{}}],"line":65},"3":{"loc":{"start":{"line":65,"column":10},"end":{"line":65,"column":35}},"type":"binary-expr","locations":[{"start":{"line":65,"column":10},"end":{"line":65,"column":14}},{"start":{"line":65,"column":18},"end":{"line":65,"column":35}}],"line":65},"4":{"loc":{"start":{"line":70,"column":6},"end":{"line":72,"column":7}},"type":"if","locations":[{"start":{"line":70,"column":6},"end":{"line":72,"column":7}},{"start":{},"end":{}}],"line":70},"5":{"loc":{"start":{"line":99,"column":8},"end":{"line":101,"column":9}},"type":"if","locations":[{"start":{"line":99,"column":8},"end":{"line":101,"column":9}},{"start":{},"end":{}}],"line":99},"6":{"loc":{"start":{"line":128,"column":6},"end":{"line":130,"column":7}},"type":"if","locations":[{"start":{"line":128,"column":6},"end":{"line":130,"column":7}},{"start":{},"end":{}}],"line":128},"7":{"loc":{"start":{"line":132,"column":6},"end":{"line":134,"column":7}},"type":"if","locations":[{"start":{"line":132,"column":6},"end":{"line":134,"column":7}},{"start":{},"end":{}}],"line":132},"8":{"loc":{"start":{"line":132,"column":10},"end":{"line":132,"column":39}},"type":"binary-expr","locations":[{"start":{"line":132,"column":10},"end":{"line":132,"column":16}},{"start":{"line":132,"column":20},"end":{"line":132,"column":39}}],"line":132},"9":{"loc":{"start":{"line":161,"column":6},"end":{"line":163,"column":7}},"type":"if","locations":[{"start":{"line":161,"column":6},"end":{"line":163,"column":7}},{"start":{},"end":{}}],"line":161},"10":{"loc":{"start":{"line":184,"column":8},"end":{"line":186,"column":9}},"type":"if","locations":[{"start":{"line":184,"column":8},"end":{"line":186,"column":9}},{"start":{},"end":{}}],"line":184},"11":{"loc":{"start":{"line":191,"column":8},"end":{"line":210,"column":9}},"type":"if","locations":[{"start":{"line":191,"column":8},"end":{"line":210,"column":9}},{"start":{"line":198,"column":15},"end":{"line":210,"column":9}}],"line":191},"12":{"loc":{"start":{"line":247,"column":8},"end":{"line":249,"column":9}},"type":"if","locations":[{"start":{"line":247,"column":8},"end":{"line":249,"column":9}},{"start":{},"end":{}}],"line":247},"13":{"loc":{"start":{"line":278,"column":8},"end":{"line":280,"column":9}},"type":"if","locations":[{"start":{"line":278,"column":8},"end":{"line":280,"column":9}},{"start":{},"end":{}}],"line":278},"14":{"loc":{"start":{"line":288,"column":16},"end":{"line":288,"column":39}},"type":"if","locations":[{"start":{"line":288,"column":16},"end":{"line":288,"column":39}},{"start":{},"end":{}}],"line":288},"15":{"loc":{"start":{"line":292,"column":34},"end":{"line":292,"column":80}},"type":"cond-expr","locations":[{"start":{"line":292,"column":51},"end":{"line":292,"column":67}},{"start":{"line":292,"column":70},"end":{"line":292,"column":80}}],"line":292},"16":{"loc":{"start":{"line":293,"column":33},"end":{"line":293,"column":76}},"type":"cond-expr","locations":[{"start":{"line":293,"column":49},"end":{"line":293,"column":64}},{"start":{"line":293,"column":67},"end":{"line":293,"column":76}}],"line":293},"17":{"loc":{"start":{"line":319,"column":8},"end":{"line":321,"column":9}},"type":"if","locations":[{"start":{"line":319,"column":8},"end":{"line":321,"column":9}},{"start":{},"end":{}}],"line":319},"18":{"loc":{"start":{"line":325,"column":8},"end":{"line":327,"column":9}},"type":"if","locations":[{"start":{"line":325,"column":8},"end":{"line":327,"column":9}},{"start":{},"end":{}}],"line":325},"19":{"loc":{"start":{"line":355,"column":8},"end":{"line":357,"column":9}},"type":"if","locations":[{"start":{"line":355,"column":8},"end":{"line":357,"column":9}},{"start":{},"end":{}}],"line":355},"20":{"loc":{"start":{"line":362,"column":12},"end":{"line":364,"column":13}},"type":"if","locations":[{"start":{"line":362,"column":12},"end":{"line":364,"column":13}},{"start":{},"end":{}}],"line":362},"21":{"loc":{"start":{"line":402,"column":8},"end":{"line":404,"column":9}},"type":"if","locations":[{"start":{"line":402,"column":8},"end":{"line":404,"column":9}},{"start":{},"end":{}}],"line":402},"22":{"loc":{"start":{"line":418,"column":25},"end":{"line":418,"column":54}},"type":"cond-expr","locations":[{"start":{"line":418,"column":36},"end":{"line":418,"column":49}},{"start":{"line":418,"column":52},"end":{"line":418,"column":54}}],"line":418},"23":{"loc":{"start":{"line":426,"column":8},"end":{"line":439,"column":9}},"type":"if","locations":[{"start":{"line":426,"column":8},"end":{"line":439,"column":9}},{"start":{},"end":{}}],"line":426},"24":{"loc":{"start":{"line":426,"column":12},"end":{"line":426,"column":35}},"type":"binary-expr","locations":[{"start":{"line":426,"column":12},"end":{"line":426,"column":16}},{"start":{"line":426,"column":20},"end":{"line":426,"column":35}}],"line":426},"25":{"loc":{"start":{"line":428,"column":30},"end":{"line":428,"column":79}},"type":"cond-expr","locations":[{"start":{"line":428,"column":57},"end":{"line":428,"column":72}},{"start":{"line":428,"column":75},"end":{"line":428,"column":79}}],"line":428},"26":{"loc":{"start":{"line":455,"column":21},"end":{"line":455,"column":104}},"type":"binary-expr","locations":[{"start":{"line":455,"column":21},"end":{"line":455,"column":66}},{"start":{"line":455,"column":70},"end":{"line":455,"column":104}}],"line":455},"27":{"loc":{"start":{"line":456,"column":8},"end":{"line":458,"column":9}},"type":"if","locations":[{"start":{"line":456,"column":8},"end":{"line":458,"column":9}},{"start":{},"end":{}}],"line":456},"28":{"loc":{"start":{"line":482,"column":8},"end":{"line":484,"column":9}},"type":"if","locations":[{"start":{"line":482,"column":8},"end":{"line":484,"column":9}},{"start":{},"end":{}}],"line":482},"29":{"loc":{"start":{"line":517,"column":8},"end":{"line":519,"column":9}},"type":"if","locations":[{"start":{"line":517,"column":8},"end":{"line":519,"column":9}},{"start":{},"end":{}}],"line":517},"30":{"loc":{"start":{"line":517,"column":12},"end":{"line":517,"column":39}},"type":"binary-expr","locations":[{"start":{"line":517,"column":12},"end":{"line":517,"column":22}},{"start":{"line":517,"column":26},"end":{"line":517,"column":39}}],"line":517},"31":{"loc":{"start":{"line":524,"column":8},"end":{"line":526,"column":9}},"type":"if","locations":[{"start":{"line":524,"column":8},"end":{"line":526,"column":9}},{"start":{},"end":{}}],"line":524},"32":{"loc":{"start":{"line":531,"column":8},"end":{"line":533,"column":9}},"type":"if","locations":[{"start":{"line":531,"column":8},"end":{"line":533,"column":9}},{"start":{},"end":{}}],"line":531},"33":{"loc":{"start":{"line":534,"column":8},"end":{"line":537,"column":9}},"type":"if","locations":[{"start":{"line":534,"column":8},"end":{"line":537,"column":9}},{"start":{},"end":{}}],"line":534},"34":{"loc":{"start":{"line":534,"column":11},"end":{"line":534,"column":52}},"type":"binary-expr","locations":[{"start":{"line":534,"column":11},"end":{"line":534,"column":35}},{"start":{"line":534,"column":39},"end":{"line":534,"column":52}}],"line":534},"35":{"loc":{"start":{"line":541,"column":8},"end":{"line":545,"column":9}},"type":"if","locations":[{"start":{"line":541,"column":8},"end":{"line":545,"column":9}},{"start":{},"end":{}}],"line":541},"36":{"loc":{"start":{"line":561,"column":8},"end":{"line":563,"column":9}},"type":"if","locations":[{"start":{"line":561,"column":8},"end":{"line":563,"column":9}},{"start":{},"end":{}}],"line":561},"37":{"loc":{"start":{"line":561,"column":12},"end":{"line":561,"column":56}},"type":"binary-expr","locations":[{"start":{"line":561,"column":12},"end":{"line":561,"column":17}},{"start":{"line":561,"column":21},"end":{"line":561,"column":56}}],"line":561},"38":{"loc":{"start":{"line":592,"column":6},"end":{"line":594,"column":7}},"type":"if","locations":[{"start":{"line":592,"column":6},"end":{"line":594,"column":7}},{"start":{},"end":{}}],"line":592},"39":{"loc":{"start":{"line":598,"column":6},"end":{"line":600,"column":7}},"type":"if","locations":[{"start":{"line":598,"column":6},"end":{"line":600,"column":7}},{"start":{},"end":{}}],"line":598}},"s":{"0":1,"1":1,"2":1,"3":1,"4":1,"5":1,"6":1,"7":1,"8":1,"9":1,"10":1,"11":1,"12":1,"13":1,"14":3,"15":3,"16":3,"17":1,"18":2,"19":1,"20":1,"21":1,"22":1,"23":1,"24":1,"25":1,"26":0,"27":1,"28":1,"29":0,"30":0,"31":1,"32":2,"33":2,"34":2,"35":2,"36":0,"37":2,"38":2,"39":1,"40":1,"41":1,"42":1,"43":0,"44":0,"45":1,"46":2,"47":2,"48":2,"49":2,"50":2,"51":1,"52":1,"53":0,"54":0,"55":1,"56":0,"57":0,"58":0,"59":0,"60":0,"61":0,"62":1,"63":2,"64":2,"65":2,"66":2,"67":0,"68":2,"69":1,"70":1,"71":1,"72":1,"73":0,"74":0,"75":1,"76":2,"77":2,"78":2,"79":2,"80":2,"81":2,"82":2,"83":1,"84":1,"85":0,"86":0,"87":1,"88":2,"89":2,"90":2,"91":2,"92":0,"93":2,"94":2,"95":1,"96":1,"97":1,"98":1,"99":1,"100":0,"101":0,"102":1,"103":2,"104":2,"105":2,"106":2,"107":2,"108":2,"109":0,"110":0,"111":1,"112":1,"113":1,"114":1,"115":0,"116":1,"117":1,"118":2,"119":1,"120":1,"121":2,"122":1,"123":0,"124":0,"125":1,"126":1,"127":1,"128":1,"129":0,"130":1,"131":1,"132":2,"133":2,"134":0,"135":2,"136":2,"137":2,"138":1,"139":0,"140":0,"141":1,"142":2,"143":2,"144":2,"145":2,"146":1,"147":1,"148":1,"149":0,"150":1,"151":1,"152":1,"153":1,"154":1,"155":0,"156":0,"157":1,"158":1,"159":1,"160":1,"161":1,"162":0,"163":1,"164":2,"165":2,"166":0,"167":2,"168":2,"169":2,"170":1,"171":0,"172":0,"173":1,"174":1,"175":1,"176":1,"177":1,"178":1,"179":1,"180":0,"181":0,"182":1,"183":1,"184":1,"185":1,"186":1,"187":1,"188":1,"189":0,"190":0,"191":0,"192":0,"193":0,"194":0,"195":0,"196":0,"197":0,"198":0,"199":1,"200":2,"201":2,"202":2,"203":1,"204":1,"205":1,"206":0,"207":0,"208":1,"209":2,"210":2,"211":2,"212":2,"213":1,"214":1,"215":0,"216":0,"217":1,"218":0,"219":0,"220":0,"221":0,"222":0,"223":0,"224":0,"225":1,"226":2,"227":2,"228":2,"229":2,"230":2,"231":0,"232":2,"233":2,"234":0,"235":2,"236":2,"237":0,"238":2,"239":0,"240":0,"241":2,"242":2,"243":1,"244":1,"245":2,"246":2,"247":2,"248":0,"249":0,"250":1,"251":2,"252":2,"253":2,"254":1,"255":1,"256":1,"257":1,"258":1,"259":1,"260":1,"261":1,"262":1,"263":1,"264":0,"265":0,"266":1,"267":2,"268":2,"269":2,"270":0,"271":2,"272":2,"273":1,"274":1,"275":0,"276":0,"277":1},"f":{"0":3,"1":1,"2":2,"3":2,"4":0,"5":2,"6":2,"7":2,"8":2,"9":1,"10":2,"11":2,"12":1,"13":2,"14":2,"15":1,"16":1,"17":1,"18":0,"19":2,"20":2,"21":0,"22":2,"23":2,"24":2},"b":{"0":[1,2],"1":[0,1],"2":[0,2],"3":[2,2],"4":[1,1],"5":[1,1],"6":[0,2],"7":[1,1],"8":[2,1],"9":[1,1],"10":[0,2],"11":[1,1],"12":[0,1],"13":[0,1],"14":[0,2],"15":[0,2],"16":[2,0],"17":[1,1],"18":[0,1],"19":[0,1],"20":[0,2],"21":[1,0],"22":[0,0],"23":[0,0],"24":[0,0],"25":[0,0],"26":[2,1],"27":[1,1],"28":[1,1],"29":[0,2],"30":[2,2],"31":[0,2],"32":[0,2],"33":[0,2],"34":[2,0],"35":[1,1],"36":[1,1],"37":[2,2],"38":[0,2],"39":[1,1]},"_coverageSchema":"1a1c01bbd47fc00a2c39e90264f33305004495a9","hash":"993406b054dbc30350ae25567a518a030feacaed"}
,"D:\\BookHaven\\server\\routes\\dashboard.js": {"path":"D:\\BookHaven\\server\\routes\\dashboard.js","statementMap":{"0":{"start":{"line":1,"column":16},"end":{"line":1,"column":34}},"1":{"start":{"line":2,"column":13},"end":{"line":2,"column":38}},"2":{"start":{"line":3,"column":14},"end":{"line":3,"column":40}},"3":{"start":{"line":4,"column":15},"end":{"line":4,"column":31}},"4":{"start":{"line":5,"column":13},"end":{"line":5,"column":42}},"5":{"start":{"line":6,"column":20},"end":{"line":6,"column":56}},"6":{"start":{"line":9,"column":0},"end":{"line":39,"column":3}},"7":{"start":{"line":10,"column":2},"end":{"line":38,"column":3}},"8":{"start":{"line":11,"column":21},"end":{"line":11,"column":40}},"9":{"start":{"line":13,"column":4},"end":{"line":15,"column":5}},"10":{"start":{"line":14,"column":6},"end":{"line":14,"column":64}},"11":{"start":{"line":17,"column":28},"end":{"line":17,"column":44}},"12":{"start":{"line":19,"column":23},"end":{"line":22,"column":6}},"13":{"start":{"line":24,"column":27},"end":{"line":27,"column":6}},"14":{"start":{"line":29,"column":29},"end":{"line":32,"column":6}},"15":{"start":{"line":34,"column":4},"end":{"line":34,"column":63}},"16":{"start":{"line":36,"column":4},"end":{"line":36,"column":65}},"17":{"start":{"line":37,"column":4},"end":{"line":37,"column":75}},"18":{"start":{"line":41,"column":2},"end":{"line":93,"column":3}},"19":{"start":{"line":42,"column":4},"end":{"line":92,"column":5}},"20":{"start":{"line":43,"column":6},"end":{"line":45,"column":7}},"21":{"start":{"line":44,"column":8},"end":{"line":44,"column":66}},"22":{"start":{"line":46,"column":25},"end":{"line":46,"column":52}},"23":{"start":{"line":49,"column":29},"end":{"line":49,"column":39}},"24":{"start":{"line":50,"column":8},"end":{"line":50,"column":57}},"25":{"start":{"line":52,"column":24},"end":{"line":80,"column":10}},"26":{"start":{"line":82,"column":8},"end":{"line":82,"column":52}},"27":{"start":{"line":84,"column":8},"end":{"line":86,"column":9}},"28":{"start":{"line":85,"column":12},"end":{"line":85,"column":95}},"29":{"start":{"line":88,"column":8},"end":{"line":88,"column":26}},"30":{"start":{"line":90,"column":8},"end":{"line":90,"column":57}},"31":{"start":{"line":91,"column":8},"end":{"line":91,"column":82}},"32":{"start":{"line":94,"column":0},"end":{"line":105,"column":5}},"33":{"start":{"line":95,"column":25},"end":{"line":95,"column":35}},"34":{"start":{"line":96,"column":4},"end":{"line":104,"column":5}},"35":{"start":{"line":97,"column":6},"end":{"line":99,"column":7}},"36":{"start":{"line":98,"column":8},"end":{"line":98,"column":66}},"37":{"start":{"line":100,"column":20},"end":{"line":100,"column":76}},"38":{"start":{"line":101,"column":6},"end":{"line":101,"column":22}},"39":{"start":{"line":103,"column":6},"end":{"line":103,"column":82}},"40":{"start":{"line":106,"column":2},"end":{"line":131,"column":5}},"41":{"start":{"line":108,"column":21},"end":{"line":108,"column":48}},"42":{"start":{"line":110,"column":4},"end":{"line":130,"column":5}},"43":{"start":{"line":111,"column":6},"end":{"line":113,"column":7}},"44":{"start":{"line":112,"column":8},"end":{"line":112,"column":66}},"45":{"start":{"line":114,"column":21},"end":{"line":117,"column":8}},"46":{"start":{"line":120,"column":6},"end":{"line":120,"column":48}},"47":{"start":{"line":122,"column":6},"end":{"line":124,"column":7}},"48":{"start":{"line":123,"column":8},"end":{"line":123,"column":85}},"49":{"start":{"line":126,"column":6},"end":{"line":126,"column":23}},"50":{"start":{"line":128,"column":6},"end":{"line":128,"column":57}},"51":{"start":{"line":129,"column":6},"end":{"line":129,"column":71}},"52":{"start":{"line":132,"column":0},"end":{"line":132,"column":24}}},"fnMap":{"0":{"name":"(anonymous_0)","decl":{"start":{"line":9,"column":51},"end":{"line":9,"column":52}},"loc":{"start":{"line":9,"column":71},"end":{"line":39,"column":1}},"line":9},"1":{"name":"(anonymous_1)","decl":{"start":{"line":41,"column":51},"end":{"line":41,"column":52}},"loc":{"start":{"line":41,"column":71},"end":{"line":93,"column":1}},"line":41},"2":{"name":"(anonymous_2)","decl":{"start":{"line":94,"column":61},"end":{"line":94,"column":62}},"loc":{"start":{"line":94,"column":81},"end":{"line":105,"column":3}},"line":94},"3":{"name":"(anonymous_3)","decl":{"start":{"line":106,"column":58},"end":{"line":106,"column":59}},"loc":{"start":{"line":106,"column":78},"end":{"line":131,"column":3}},"line":106}},"branchMap":{"0":{"loc":{"start":{"line":13,"column":4},"end":{"line":15,"column":5}},"type":"if","locations":[{"start":{"line":13,"column":4},"end":{"line":15,"column":5}},{"start":{},"end":{}}],"line":13},"1":{"loc":{"start":{"line":43,"column":6},"end":{"line":45,"column":7}},"type":"if","locations":[{"start":{"line":43,"column":6},"end":{"line":45,"column":7}},{"start":{},"end":{}}],"line":43},"2":{"loc":{"start":{"line":84,"column":8},"end":{"line":86,"column":9}},"type":"if","locations":[{"start":{"line":84,"column":8},"end":{"line":86,"column":9}},{"start":{},"end":{}}],"line":84},"3":{"loc":{"start":{"line":97,"column":6},"end":{"line":99,"column":7}},"type":"if","locations":[{"start":{"line":97,"column":6},"end":{"line":99,"column":7}},{"start":{},"end":{}}],"line":97},"4":{"loc":{"start":{"line":111,"column":6},"end":{"line":113,"column":7}},"type":"if","locations":[{"start":{"line":111,"column":6},"end":{"line":113,"column":7}},{"start":{},"end":{}}],"line":111},"5":{"loc":{"start":{"line":122,"column":6},"end":{"line":124,"column":7}},"type":"if","locations":[{"start":{"line":122,"column":6},"end":{"line":124,"column":7}},{"start":{},"end":{}}],"line":122}},"s":{"0":1,"1":1,"2":1,"3":1,"4":1,"5":1,"6":1,"7":3,"8":3,"9":3,"10":1,"11":2,"12":2,"13":1,"14":1,"15":1,"16":1,"17":1,"18":1,"19":3,"20":3,"21":0,"22":3,"23":3,"24":3,"25":3,"26":2,"27":2,"28":1,"29":1,"30":1,"31":1,"32":1,"33":2,"34":2,"35":2,"36":0,"37":2,"38":1,"39":1,"40":1,"41":3,"42":3,"43":3,"44":0,"45":3,"46":2,"47":2,"48":1,"49":1,"50":1,"51":1,"52":1},"f":{"0":3,"1":3,"2":2,"3":3},"b":{"0":[1,2],"1":[0,3],"2":[1,1],"3":[0,2],"4":[0,3],"5":[1,1]},"_coverageSchema":"1a1c01bbd47fc00a2c39e90264f33305004495a9","hash":"abdd5daf9106cd490001379dee8a17f039574652"}
,"D:\\BookHaven\\server\\routes\\lending.js": {"path":"D:\\BookHaven\\server\\routes\\lending.js","statementMap":{"0":{"start":{"line":208,"column":16},"end":{"line":208,"column":34}},"1":{"start":{"line":209,"column":15},"end":{"line":209,"column":31}},"2":{"start":{"line":210,"column":23},"end":{"line":210,"column":58}},"3":{"start":{"line":211,"column":13},"end":{"line":211,"column":38}},"4":{"start":{"line":214,"column":0},"end":{"line":263,"column":2}},"5":{"start":{"line":215,"column":2},"end":{"line":262,"column":3}},"6":{"start":{"line":216,"column":25},"end":{"line":216,"column":34}},"7":{"start":{"line":218,"column":4},"end":{"line":220,"column":5}},"8":{"start":{"line":219,"column":6},"end":{"line":219,"column":69}},"9":{"start":{"line":222,"column":4},"end":{"line":222,"column":64}},"10":{"start":{"line":225,"column":18},"end":{"line":225,"column":65}},"11":{"start":{"line":226,"column":20},"end":{"line":226,"column":52}},"12":{"start":{"line":226,"column":40},"end":{"line":226,"column":51}},"13":{"start":{"line":228,"column":4},"end":{"line":228,"column":51}},"14":{"start":{"line":231,"column":27},"end":{"line":234,"column":6}},"15":{"start":{"line":236,"column":4},"end":{"line":236,"column":57}},"16":{"start":{"line":239,"column":24},"end":{"line":239,"column":69}},"17":{"start":{"line":239,"column":55},"end":{"line":239,"column":68}},"18":{"start":{"line":240,"column":22},"end":{"line":240,"column":71}},"19":{"start":{"line":242,"column":4},"end":{"line":245,"column":5}},"20":{"start":{"line":244,"column":27},"end":{"line":244,"column":35}},"21":{"start":{"line":248,"column":33},"end":{"line":255,"column":6}},"22":{"start":{"line":249,"column":26},"end":{"line":249,"column":88}},"23":{"start":{"line":249,"column":58},"end":{"line":249,"column":87}},"24":{"start":{"line":250,"column":6},"end":{"line":254,"column":7}},"25":{"start":{"line":257,"column":4},"end":{"line":257,"column":82}},"26":{"start":{"line":258,"column":4},"end":{"line":258,"column":34}},"27":{"start":{"line":260,"column":4},"end":{"line":260,"column":58}},"28":{"start":{"line":261,"column":4},"end":{"line":261,"column":69}},"29":{"start":{"line":266,"column":0},"end":{"line":315,"column":2}},"30":{"start":{"line":267,"column":2},"end":{"line":314,"column":3}},"31":{"start":{"line":268,"column":25},"end":{"line":268,"column":34}},"32":{"start":{"line":270,"column":4},"end":{"line":272,"column":5}},"33":{"start":{"line":271,"column":6},"end":{"line":271,"column":69}},"34":{"start":{"line":274,"column":4},"end":{"line":274,"column":64}},"35":{"start":{"line":277,"column":18},"end":{"line":277,"column":65}},"36":{"start":{"line":278,"column":20},"end":{"line":278,"column":52}},"37":{"start":{"line":278,"column":40},"end":{"line":278,"column":51}},"38":{"start":{"line":280,"column":4},"end":{"line":280,"column":51}},"39":{"start":{"line":283,"column":29},"end":{"line":286,"column":6}},"40":{"start":{"line":288,"column":4},"end":{"line":288,"column":61}},"41":{"start":{"line":291,"column":28},"end":{"line":291,"column":75}},"42":{"start":{"line":291,"column":61},"end":{"line":291,"column":74}},"43":{"start":{"line":292,"column":26},"end":{"line":292,"column":79}},"44":{"start":{"line":294,"column":4},"end":{"line":297,"column":5}},"45":{"start":{"line":296,"column":31},"end":{"line":296,"column":39}},"46":{"start":{"line":300,"column":33},"end":{"line":307,"column":6}},"47":{"start":{"line":301,"column":26},"end":{"line":301,"column":90}},"48":{"start":{"line":301,"column":60},"end":{"line":301,"column":89}},"49":{"start":{"line":302,"column":6},"end":{"line":306,"column":7}},"50":{"start":{"line":309,"column":4},"end":{"line":309,"column":84}},"51":{"start":{"line":310,"column":4},"end":{"line":310,"column":34}},"52":{"start":{"line":312,"column":4},"end":{"line":312,"column":58}},"53":{"start":{"line":313,"column":4},"end":{"line":313,"column":69}},"54":{"start":{"line":318,"column":0},"end":{"line":344,"column":2}},"55":{"start":{"line":319,"column":2},"end":{"line":343,"column":3}},"56":{"start":{"line":320,"column":23},"end":{"line":320,"column":33}},"57":{"start":{"line":321,"column":23},"end":{"line":321,"column":32}},"58":{"start":{"line":323,"column":18},"end":{"line":323,"column":44}},"59":{"start":{"line":326,"column":4},"end":{"line":331,"column":5}},"60":{"start":{"line":327,"column":6},"end":{"line":327,"column":27}},"61":{"start":{"line":330,"column":6},"end":{"line":330,"column":27}},"62":{"start":{"line":333,"column":26},"end":{"line":333,"column":61}},"63":{"start":{"line":335,"column":4},"end":{"line":337,"column":5}},"64":{"start":{"line":336,"column":6},"end":{"line":336,"column":87}},"65":{"start":{"line":339,"column":4},"end":{"line":339,"column":27}},"66":{"start":{"line":341,"column":4},"end":{"line":341,"column":58}},"67":{"start":{"line":342,"column":4},"end":{"line":342,"column":69}},"68":{"start":{"line":347,"column":0},"end":{"line":377,"column":2}},"69":{"start":{"line":348,"column":2},"end":{"line":376,"column":3}},"70":{"start":{"line":349,"column":33},"end":{"line":349,"column":42}},"71":{"start":{"line":351,"column":4},"end":{"line":353,"column":5}},"72":{"start":{"line":352,"column":6},"end":{"line":352,"column":69}},"73":{"start":{"line":356,"column":18},"end":{"line":356,"column":65}},"74":{"start":{"line":357,"column":20},"end":{"line":357,"column":52}},"75":{"start":{"line":357,"column":40},"end":{"line":357,"column":51}},"76":{"start":{"line":360,"column":18},"end":{"line":360,"column":46}},"77":{"start":{"line":363,"column":4},"end":{"line":368,"column":5}},"78":{"start":{"line":364,"column":6},"end":{"line":364,"column":27}},"79":{"start":{"line":367,"column":6},"end":{"line":367,"column":27}},"80":{"start":{"line":370,"column":27},"end":{"line":370,"column":59}},"81":{"start":{"line":372,"column":4},"end":{"line":372,"column":28}},"82":{"start":{"line":374,"column":4},"end":{"line":374,"column":59}},"83":{"start":{"line":375,"column":4},"end":{"line":375,"column":70}},"84":{"start":{"line":380,"column":0},"end":{"line":420,"column":2}},"85":{"start":{"line":381,"column":2},"end":{"line":419,"column":3}},"86":{"start":{"line":382,"column":59},"end":{"line":382,"column":67}},"87":{"start":{"line":384,"column":4},"end":{"line":386,"column":5}},"88":{"start":{"line":385,"column":6},"end":{"line":385,"column":71}},"89":{"start":{"line":389,"column":17},"end":{"line":389,"column":63}},"90":{"start":{"line":390,"column":4},"end":{"line":392,"column":5}},"91":{"start":{"line":391,"column":6},"end":{"line":391,"column":62}},"92":{"start":{"line":395,"column":27},"end":{"line":398,"column":6}},"93":{"start":{"line":400,"column":4},"end":{"line":402,"column":5}},"94":{"start":{"line":401,"column":6},"end":{"line":401,"column":78}},"95":{"start":{"line":405,"column":23},"end":{"line":411,"column":6}},"96":{"start":{"line":413,"column":4},"end":{"line":413,"column":27}},"97":{"start":{"line":415,"column":4},"end":{"line":415,"column":89}},"98":{"start":{"line":417,"column":4},"end":{"line":417,"column":58}},"99":{"start":{"line":418,"column":4},"end":{"line":418,"column":72}},"100":{"start":{"line":423,"column":0},"end":{"line":446,"column":2}},"101":{"start":{"line":424,"column":2},"end":{"line":445,"column":3}},"102":{"start":{"line":425,"column":23},"end":{"line":425,"column":33}},"103":{"start":{"line":426,"column":23},"end":{"line":426,"column":32}},"104":{"start":{"line":428,"column":18},"end":{"line":428,"column":44}},"105":{"start":{"line":431,"column":4},"end":{"line":433,"column":5}},"106":{"start":{"line":432,"column":6},"end":{"line":432,"column":27}},"107":{"start":{"line":435,"column":19},"end":{"line":435,"column":57}},"108":{"start":{"line":437,"column":4},"end":{"line":439,"column":5}},"109":{"start":{"line":438,"column":6},"end":{"line":438,"column":87}},"110":{"start":{"line":441,"column":4},"end":{"line":441,"column":56}},"111":{"start":{"line":443,"column":4},"end":{"line":443,"column":50}},"112":{"start":{"line":444,"column":4},"end":{"line":444,"column":61}},"113":{"start":{"line":448,"column":0},"end":{"line":448,"column":23}}},"fnMap":{"0":{"name":"(anonymous_0)","decl":{"start":{"line":214,"column":24},"end":{"line":214,"column":25}},"loc":{"start":{"line":214,"column":44},"end":{"line":263,"column":1}},"line":214},"1":{"name":"(anonymous_1)","decl":{"start":{"line":226,"column":30},"end":{"line":226,"column":31}},"loc":{"start":{"line":226,"column":40},"end":{"line":226,"column":51}},"line":226},"2":{"name":"(anonymous_2)","decl":{"start":{"line":239,"column":43},"end":{"line":239,"column":44}},"loc":{"start":{"line":239,"column":55},"end":{"line":239,"column":68}},"line":239},"3":{"name":"(anonymous_3)","decl":{"start":{"line":244,"column":20},"end":{"line":244,"column":21}},"loc":{"start":{"line":244,"column":27},"end":{"line":244,"column":35}},"line":244},"4":{"name":"(anonymous_4)","decl":{"start":{"line":248,"column":47},"end":{"line":248,"column":48}},"loc":{"start":{"line":248,"column":57},"end":{"line":255,"column":5}},"line":248},"5":{"name":"(anonymous_5)","decl":{"start":{"line":249,"column":46},"end":{"line":249,"column":47}},"loc":{"start":{"line":249,"column":58},"end":{"line":249,"column":87}},"line":249},"6":{"name":"(anonymous_6)","decl":{"start":{"line":266,"column":24},"end":{"line":266,"column":25}},"loc":{"start":{"line":266,"column":44},"end":{"line":315,"column":1}},"line":266},"7":{"name":"(anonymous_7)","decl":{"start":{"line":278,"column":30},"end":{"line":278,"column":31}},"loc":{"start":{"line":278,"column":40},"end":{"line":278,"column":51}},"line":278},"8":{"name":"(anonymous_8)","decl":{"start":{"line":291,"column":49},"end":{"line":291,"column":50}},"loc":{"start":{"line":291,"column":61},"end":{"line":291,"column":74}},"line":291},"9":{"name":"(anonymous_9)","decl":{"start":{"line":296,"column":24},"end":{"line":296,"column":25}},"loc":{"start":{"line":296,"column":31},"end":{"line":296,"column":39}},"line":296},"10":{"name":"(anonymous_10)","decl":{"start":{"line":300,"column":51},"end":{"line":300,"column":52}},"loc":{"start":{"line":300,"column":61},"end":{"line":307,"column":5}},"line":300},"11":{"name":"(anonymous_11)","decl":{"start":{"line":301,"column":48},"end":{"line":301,"column":49}},"loc":{"start":{"line":301,"column":60},"end":{"line":301,"column":89}},"line":301},"12":{"name":"(anonymous_12)","decl":{"start":{"line":318,"column":23},"end":{"line":318,"column":24}},"loc":{"start":{"line":318,"column":43},"end":{"line":344,"column":1}},"line":318},"13":{"name":"(anonymous_13)","decl":{"start":{"line":347,"column":16},"end":{"line":347,"column":17}},"loc":{"start":{"line":347,"column":36},"end":{"line":377,"column":1}},"line":347},"14":{"name":"(anonymous_14)","decl":{"start":{"line":357,"column":30},"end":{"line":357,"column":31}},"loc":{"start":{"line":357,"column":40},"end":{"line":357,"column":51}},"line":357},"15":{"name":"(anonymous_15)","decl":{"start":{"line":380,"column":17},"end":{"line":380,"column":18}},"loc":{"start":{"line":380,"column":37},"end":{"line":420,"column":1}},"line":380},"16":{"name":"(anonymous_16)","decl":{"start":{"line":423,"column":26},"end":{"line":423,"column":27}},"loc":{"start":{"line":423,"column":46},"end":{"line":446,"column":1}},"line":423}},"branchMap":{"0":{"loc":{"start":{"line":218,"column":4},"end":{"line":220,"column":5}},"type":"if","locations":[{"start":{"line":218,"column":4},"end":{"line":220,"column":5}},{"start":{},"end":{}}],"line":218},"1":{"loc":{"start":{"line":252,"column":12},"end":{"line":252,"column":50}},"type":"cond-expr","locations":[{"start":{"line":252,"column":28},"end":{"line":252,"column":43}},{"start":{"line":252,"column":46},"end":{"line":252,"column":50}}],"line":252},"2":{"loc":{"start":{"line":270,"column":4},"end":{"line":272,"column":5}},"type":"if","locations":[{"start":{"line":270,"column":4},"end":{"line":272,"column":5}},{"start":{},"end":{}}],"line":270},"3":{"loc":{"start":{"line":304,"column":12},"end":{"line":304,"column":50}},"type":"cond-expr","locations":[{"start":{"line":304,"column":28},"end":{"line":304,"column":43}},{"start":{"line":304,"column":46},"end":{"line":304,"column":50}}],"line":304},"4":{"loc":{"start":{"line":326,"column":4},"end":{"line":331,"column":5}},"type":"if","locations":[{"start":{"line":326,"column":4},"end":{"line":331,"column":5}},{"start":{"line":328,"column":11},"end":{"line":331,"column":5}}],"line":326},"5":{"loc":{"start":{"line":335,"column":4},"end":{"line":337,"column":5}},"type":"if","locations":[{"start":{"line":335,"column":4},"end":{"line":337,"column":5}},{"start":{},"end":{}}],"line":335},"6":{"loc":{"start":{"line":351,"column":4},"end":{"line":353,"column":5}},"type":"if","locations":[{"start":{"line":351,"column":4},"end":{"line":353,"column":5}},{"start":{},"end":{}}],"line":351},"7":{"loc":{"start":{"line":363,"column":4},"end":{"line":368,"column":5}},"type":"if","locations":[{"start":{"line":363,"column":4},"end":{"line":368,"column":5}},{"start":{"line":365,"column":11},"end":{"line":368,"column":5}}],"line":363},"8":{"loc":{"start":{"line":384,"column":4},"end":{"line":386,"column":5}},"type":"if","locations":[{"start":{"line":384,"column":4},"end":{"line":386,"column":5}},{"start":{},"end":{}}],"line":384},"9":{"loc":{"start":{"line":384,"column":8},"end":{"line":384,"column":50}},"type":"binary-expr","locations":[{"start":{"line":384,"column":8},"end":{"line":384,"column":15}},{"start":{"line":384,"column":19},"end":{"line":384,"column":30}},{"start":{"line":384,"column":34},"end":{"line":384,"column":41}},{"start":{"line":384,"column":45},"end":{"line":384,"column":50}}],"line":384},"10":{"loc":{"start":{"line":390,"column":4},"end":{"line":392,"column":5}},"type":"if","locations":[{"start":{"line":390,"column":4},"end":{"line":392,"column":5}},{"start":{},"end":{}}],"line":390},"11":{"loc":{"start":{"line":400,"column":4},"end":{"line":402,"column":5}},"type":"if","locations":[{"start":{"line":400,"column":4},"end":{"line":402,"column":5}},{"start":{},"end":{}}],"line":400},"12":{"loc":{"start":{"line":410,"column":16},"end":{"line":410,"column":49}},"type":"binary-expr","locations":[{"start":{"line":410,"column":16},"end":{"line":410,"column":32}},{"start":{"line":410,"column":36},"end":{"line":410,"column":49}}],"line":410},"13":{"loc":{"start":{"line":431,"column":4},"end":{"line":433,"column":5}},"type":"if","locations":[{"start":{"line":431,"column":4},"end":{"line":433,"column":5}},{"start":{},"end":{}}],"line":431},"14":{"loc":{"start":{"line":437,"column":4},"end":{"line":439,"column":5}},"type":"if","locations":[{"start":{"line":437,"column":4},"end":{"line":439,"column":5}},{"start":{},"end":{}}],"line":437}},"s":{"0":1,"1":1,"2":1,"3":1,"4":1,"5":2,"6":2,"7":2,"8":1,"9":1,"10":1,"11":1,"12":1,"13":1,"14":1,"15":1,"16":1,"17":1,"18":1,"19":1,"20":2,"21":1,"22":2,"23":2,"24":2,"25":1,"26":1,"27":0,"28":0,"29":1,"30":2,"31":2,"32":2,"33":1,"34":1,"35":1,"36":1,"37":1,"38":1,"39":1,"40":1,"41":1,"42":1,"43":1,"44":1,"45":1,"46":1,"47":1,"48":1,"49":1,"50":1,"51":1,"52":0,"53":0,"54":1,"55":2,"56":2,"57":2,"58":2,"59":2,"60":0,"61":2,"62":2,"63":2,"64":1,"65":1,"66":0,"67":0,"68":1,"69":2,"70":2,"71":2,"72":1,"73":1,"74":1,"75":1,"76":1,"77":1,"78":0,"79":1,"80":1,"81":1,"82":0,"83":0,"84":1,"85":4,"86":4,"87":4,"88":1,"89":3,"90":3,"91":1,"92":2,"93":2,"94":1,"95":1,"96":1,"97":1,"98":0,"99":0,"100":1,"101":2,"102":2,"103":2,"104":2,"105":2,"106":0,"107":2,"108":2,"109":1,"110":1,"111":0,"112":0,"113":1},"f":{"0":2,"1":1,"2":1,"3":2,"4":2,"5":2,"6":2,"7":1,"8":1,"9":1,"10":1,"11":1,"12":2,"13":2,"14":1,"15":4,"16":2},"b":{"0":[1,1],"1":[0,2],"2":[1,1],"3":[0,1],"4":[0,2],"5":[1,1],"6":[1,1],"7":[0,1],"8":[1,3],"9":[4,3,3,3],"10":[1,2],"11":[1,1],"12":[1,1],"13":[0,2],"14":[1,1]},"_coverageSchema":"1a1c01bbd47fc00a2c39e90264f33305004495a9","hash":"e1508431c36e80ea07811159ce5534878a9a19bb"}
,"D:\\BookHaven\\server\\routes\\readingGoals.js": {"path":"D:\\BookHaven\\server\\routes\\readingGoals.js","statementMap":{"0":{"start":{"line":1,"column":16},"end":{"line":1,"column":34}},"1":{"start":{"line":2,"column":17},"end":{"line":2,"column":36}},"2":{"start":{"line":3,"column":20},"end":{"line":3,"column":52}},"3":{"start":{"line":4,"column":13},"end":{"line":4,"column":38}},"4":{"start":{"line":5,"column":15},"end":{"line":5,"column":31}},"5":{"start":{"line":6,"column":13},"end":{"line":6,"column":42}},"6":{"start":{"line":8,"column":24},"end":{"line":29,"column":1}},"7":{"start":{"line":9,"column":16},"end":{"line":9,"column":26}},"8":{"start":{"line":10,"column":4},"end":{"line":28,"column":5}},"9":{"start":{"line":11,"column":8},"end":{"line":14,"column":10}},"10":{"start":{"line":15,"column":11},"end":{"line":28,"column":5}},"11":{"start":{"line":16,"column":8},"end":{"line":19,"column":10}},"12":{"start":{"line":20,"column":11},"end":{"line":28,"column":5}},"13":{"start":{"line":21,"column":22},"end":{"line":21,"column":73}},"14":{"start":{"line":22,"column":20},"end":{"line":22,"column":35}},"15":{"start":{"line":23,"column":8},"end":{"line":23,"column":39}},"16":{"start":{"line":24,"column":8},"end":{"line":27,"column":10}},"17":{"start":{"line":32,"column":0},"end":{"line":115,"column":3}},"18":{"start":{"line":33,"column":4},"end":{"line":114,"column":5}},"19":{"start":{"line":34,"column":8},"end":{"line":36,"column":11}},"20":{"start":{"line":35,"column":12},"end":{"line":35,"column":70}},"21":{"start":{"line":37,"column":25},"end":{"line":37,"column":47}},"22":{"start":{"line":38,"column":8},"end":{"line":38,"column":63}},"23":{"start":{"line":40,"column":20},"end":{"line":40,"column":70}},"24":{"start":{"line":42,"column":8},"end":{"line":45,"column":9}},"25":{"start":{"line":43,"column":12},"end":{"line":43,"column":64}},"26":{"start":{"line":44,"column":12},"end":{"line":44,"column":72}},"27":{"start":{"line":47,"column":22},"end":{"line":47,"column":60}},"28":{"start":{"line":48,"column":28},"end":{"line":48,"column":30}},"29":{"start":{"line":51,"column":8},"end":{"line":57,"column":9}},"30":{"start":{"line":52,"column":29},"end":{"line":52,"column":52}},"31":{"start":{"line":53,"column":12},"end":{"line":53,"column":54}},"32":{"start":{"line":54,"column":12},"end":{"line":54,"column":50}},"33":{"start":{"line":55,"column":12},"end":{"line":55,"column":42}},"34":{"start":{"line":56,"column":12},"end":{"line":56,"column":46}},"35":{"start":{"line":60,"column":8},"end":{"line":66,"column":9}},"36":{"start":{"line":61,"column":29},"end":{"line":61,"column":53}},"37":{"start":{"line":62,"column":12},"end":{"line":62,"column":55}},"38":{"start":{"line":63,"column":12},"end":{"line":63,"column":51}},"39":{"start":{"line":64,"column":12},"end":{"line":64,"column":43}},"40":{"start":{"line":65,"column":12},"end":{"line":65,"column":47}},"41":{"start":{"line":69,"column":8},"end":{"line":75,"column":9}},"42":{"start":{"line":70,"column":29},"end":{"line":70,"column":52}},"43":{"start":{"line":71,"column":12},"end":{"line":71,"column":54}},"44":{"start":{"line":72,"column":12},"end":{"line":72,"column":50}},"45":{"start":{"line":73,"column":12},"end":{"line":73,"column":42}},"46":{"start":{"line":74,"column":12},"end":{"line":74,"column":46}},"47":{"start":{"line":78,"column":8},"end":{"line":81,"column":9}},"48":{"start":{"line":79,"column":12},"end":{"line":79,"column":90}},"49":{"start":{"line":80,"column":12},"end":{"line":80,"column":71}},"50":{"start":{"line":84,"column":32},"end":{"line":88,"column":10}},"51":{"start":{"line":90,"column":33},"end":{"line":94,"column":10}},"52":{"start":{"line":96,"column":32},"end":{"line":100,"column":10}},"53":{"start":{"line":103,"column":29},"end":{"line":108,"column":9}},"54":{"start":{"line":110,"column":8},"end":{"line":110,"column":31}},"55":{"start":{"line":112,"column":8},"end":{"line":112,"column":62}},"56":{"start":{"line":113,"column":8},"end":{"line":113,"column":58}},"57":{"start":{"line":118,"column":23},"end":{"line":146,"column":1}},"58":{"start":{"line":119,"column":4},"end":{"line":145,"column":5}},"59":{"start":{"line":120,"column":26},"end":{"line":120,"column":49}},"60":{"start":{"line":121,"column":27},"end":{"line":121,"column":51}},"61":{"start":{"line":122,"column":26},"end":{"line":122,"column":49}},"62":{"start":{"line":124,"column":25},"end":{"line":138,"column":10}},"63":{"start":{"line":140,"column":27},"end":{"line":140,"column":48}},"64":{"start":{"line":141,"column":8},"end":{"line":141,"column":48}},"65":{"start":{"line":143,"column":8},"end":{"line":143,"column":66}},"66":{"start":{"line":144,"column":8},"end":{"line":144,"column":65}},"67":{"start":{"line":149,"column":0},"end":{"line":174,"column":3}},"68":{"start":{"line":150,"column":4},"end":{"line":173,"column":5}},"69":{"start":{"line":151,"column":8},"end":{"line":153,"column":11}},"70":{"start":{"line":152,"column":12},"end":{"line":152,"column":70}},"71":{"start":{"line":154,"column":25},"end":{"line":154,"column":47}},"72":{"start":{"line":155,"column":8},"end":{"line":155,"column":63}},"73":{"start":{"line":157,"column":27},"end":{"line":161,"column":9}},"74":{"start":{"line":164,"column":8},"end":{"line":167,"column":9}},"75":{"start":{"line":165,"column":12},"end":{"line":165,"column":72}},"76":{"start":{"line":166,"column":12},"end":{"line":166,"column":59}},"77":{"start":{"line":169,"column":8},"end":{"line":169,"column":31}},"78":{"start":{"line":171,"column":8},"end":{"line":171,"column":62}},"79":{"start":{"line":172,"column":8},"end":{"line":172,"column":58}},"80":{"start":{"line":177,"column":0},"end":{"line":177,"column":24}}},"fnMap":{"0":{"name":"(anonymous_0)","decl":{"start":{"line":8,"column":24},"end":{"line":8,"column":25}},"loc":{"start":{"line":8,"column":34},"end":{"line":29,"column":1}},"line":8},"1":{"name":"(anonymous_1)","decl":{"start":{"line":32,"column":26},"end":{"line":32,"column":27}},"loc":{"start":{"line":32,"column":46},"end":{"line":115,"column":1}},"line":32},"2":{"name":"(anonymous_2)","decl":{"start":{"line":118,"column":23},"end":{"line":118,"column":24}},"loc":{"start":{"line":118,"column":58},"end":{"line":146,"column":1}},"line":118},"3":{"name":"(anonymous_3)","decl":{"start":{"line":149,"column":26},"end":{"line":149,"column":27}},"loc":{"start":{"line":149,"column":46},"end":{"line":174,"column":1}},"line":149}},"branchMap":{"0":{"loc":{"start":{"line":10,"column":4},"end":{"line":28,"column":5}},"type":"if","locations":[{"start":{"line":10,"column":4},"end":{"line":28,"column":5}},{"start":{"line":15,"column":11},"end":{"line":28,"column":5}}],"line":10},"1":{"loc":{"start":{"line":15,"column":11},"end":{"line":28,"column":5}},"type":"if","locations":[{"start":{"line":15,"column":11},"end":{"line":28,"column":5}},{"start":{"line":20,"column":11},"end":{"line":28,"column":5}}],"line":15},"2":{"loc":{"start":{"line":20,"column":11},"end":{"line":28,"column":5}},"type":"if","locations":[{"start":{"line":20,"column":11},"end":{"line":28,"column":5}},{"start":{},"end":{}}],"line":20},"3":{"loc":{"start":{"line":34,"column":8},"end":{"line":36,"column":11}},"type":"if","locations":[{"start":{"line":34,"column":8},"end":{"line":36,"column":11}},{"start":{},"end":{}}],"line":34},"4":{"loc":{"start":{"line":42,"column":8},"end":{"line":45,"column":9}},"type":"if","locations":[{"start":{"line":42,"column":8},"end":{"line":45,"column":9}},{"start":{},"end":{}}],"line":42},"5":{"loc":{"start":{"line":51,"column":8},"end":{"line":57,"column":9}},"type":"if","locations":[{"start":{"line":51,"column":8},"end":{"line":57,"column":9}},{"start":{},"end":{}}],"line":51},"6":{"loc":{"start":{"line":60,"column":8},"end":{"line":66,"column":9}},"type":"if","locations":[{"start":{"line":60,"column":8},"end":{"line":66,"column":9}},{"start":{},"end":{}}],"line":60},"7":{"loc":{"start":{"line":69,"column":8},"end":{"line":75,"column":9}},"type":"if","locations":[{"start":{"line":69,"column":8},"end":{"line":75,"column":9}},{"start":{},"end":{}}],"line":69},"8":{"loc":{"start":{"line":78,"column":8},"end":{"line":81,"column":9}},"type":"if","locations":[{"start":{"line":78,"column":8},"end":{"line":81,"column":9}},{"start":{},"end":{}}],"line":78},"9":{"loc":{"start":{"line":151,"column":8},"end":{"line":153,"column":11}},"type":"if","locations":[{"start":{"line":151,"column":8},"end":{"line":153,"column":11}},{"start":{},"end":{}}],"line":151},"10":{"loc":{"start":{"line":164,"column":8},"end":{"line":167,"column":9}},"type":"if","locations":[{"start":{"line":164,"column":8},"end":{"line":167,"column":9}},{"start":{},"end":{}}],"line":164}},"s":{"0":1,"1":1,"2":1,"3":1,"4":1,"5":1,"6":1,"7":3,"8":3,"9":1,"10":2,"11":1,"12":1,"13":1,"14":1,"15":1,"16":1,"17":1,"18":4,"19":4,"20":1,"21":3,"22":3,"23":3,"24":2,"25":1,"26":1,"27":1,"28":1,"29":1,"30":0,"31":0,"32":0,"33":0,"34":0,"35":1,"36":0,"37":0,"38":0,"39":0,"40":0,"41":1,"42":0,"43":0,"44":0,"45":0,"46":0,"47":1,"48":0,"49":0,"50":1,"51":1,"52":1,"53":1,"54":1,"55":1,"56":1,"57":1,"58":1,"59":1,"60":1,"61":1,"62":1,"63":1,"64":1,"65":0,"66":0,"67":1,"68":4,"69":4,"70":1,"71":3,"72":3,"73":3,"74":2,"75":1,"76":1,"77":1,"78":1,"79":1,"80":1},"f":{"0":3,"1":4,"2":1,"3":4},"b":{"0":[1,2],"1":[1,1],"2":[1,0],"3":[1,3],"4":[1,1],"5":[0,1],"6":[0,1],"7":[0,1],"8":[0,1],"9":[1,3],"10":[1,1]},"_coverageSchema":"1a1c01bbd47fc00a2c39e90264f33305004495a9","hash":"1a0f6a3c6bcabca0ff989c62480f3ddaa94379f2"}
,"D:\\BookHaven\\server\\routes\\summary.js": {"path":"D:\\BookHaven\\server\\routes\\summary.js","statementMap":{"0":{"start":{"line":1,"column":16},"end":{"line":1,"column":34}},"1":{"start":{"line":2,"column":31},"end":{"line":2,"column":63}},"2":{"start":{"line":3,"column":15},"end":{"line":3,"column":31}},"3":{"start":{"line":4,"column":0},"end":{"line":4,"column":27}},"4":{"start":{"line":7,"column":14},"end":{"line":7,"column":64}},"5":{"start":{"line":9,"column":0},"end":{"line":46,"column":3}},"6":{"start":{"line":10,"column":35},"end":{"line":10,"column":43}},"7":{"start":{"line":12,"column":2},"end":{"line":14,"column":3}},"8":{"start":{"line":13,"column":4},"end":{"line":13,"column":77}},"9":{"start":{"line":16,"column":2},"end":{"line":45,"column":3}},"10":{"start":{"line":19,"column":18},"end":{"line":19,"column":71}},"11":{"start":{"line":22,"column":19},"end":{"line":24,"column":66}},"12":{"start":{"line":27,"column":19},"end":{"line":27,"column":54}},"13":{"start":{"line":28,"column":21},"end":{"line":28,"column":42}},"14":{"start":{"line":29,"column":20},"end":{"line":29,"column":35}},"15":{"start":{"line":31,"column":4},"end":{"line":31,"column":26}},"16":{"start":{"line":33,"column":4},"end":{"line":33,"column":44}},"17":{"start":{"line":36,"column":23},"end":{"line":36,"column":51}},"18":{"start":{"line":37,"column":4},"end":{"line":39,"column":5}},"19":{"start":{"line":38,"column":6},"end":{"line":38,"column":106}},"20":{"start":{"line":41,"column":4},"end":{"line":44,"column":7}},"21":{"start":{"line":48,"column":0},"end":{"line":48,"column":24}}},"fnMap":{"0":{"name":"(anonymous_0)","decl":{"start":{"line":9,"column":17},"end":{"line":9,"column":18}},"loc":{"start":{"line":9,"column":37},"end":{"line":46,"column":1}},"line":9}},"branchMap":{"0":{"loc":{"start":{"line":12,"column":2},"end":{"line":14,"column":3}},"type":"if","locations":[{"start":{"line":12,"column":2},"end":{"line":14,"column":3}},{"start":{},"end":{}}],"line":12},"1":{"loc":{"start":{"line":12,"column":6},"end":{"line":12,"column":30}},"type":"binary-expr","locations":[{"start":{"line":12,"column":6},"end":{"line":12,"column":15}},{"start":{"line":12,"column":19},"end":{"line":12,"column":30}}],"line":12},"2":{"loc":{"start":{"line":37,"column":4},"end":{"line":39,"column":5}},"type":"if","locations":[{"start":{"line":37,"column":4},"end":{"line":39,"column":5}},{"start":{},"end":{}}],"line":37},"3":{"loc":{"start":{"line":37,"column":8},"end":{"line":37,"column":54}},"type":"binary-expr","locations":[{"start":{"line":37,"column":8},"end":{"line":37,"column":19}},{"start":{"line":37,"column":23},"end":{"line":37,"column":54}}],"line":37}},"s":{"0":1,"1":1,"2":1,"3":1,"4":1,"5":1,"6":3,"7":3,"8":2,"9":1,"10":1,"11":1,"12":1,"13":1,"14":1,"15":1,"16":0,"17":0,"18":0,"19":0,"20":0,"21":1},"f":{"0":3},"b":{"0":[2,1],"1":[3,2],"2":[0,0],"3":[0,0]},"_coverageSchema":"1a1c01bbd47fc00a2c39e90264f33305004495a9","hash":"e5236908473a6b8047b69def8decf5f9adb91d5e"}
,"D:\\BookHaven\\server\\routes\\timer.js": {"path":"D:\\BookHaven\\server\\routes\\timer.js","statementMap":{"0":{"start":{"line":1,"column":16},"end":{"line":1,"column":34}},"1":{"start":{"line":2,"column":14},"end":{"line":2,"column":40}},"2":{"start":{"line":3,"column":15},"end":{"line":3,"column":31}},"3":{"start":{"line":5,"column":0},"end":{"line":33,"column":3}},"4":{"start":{"line":6,"column":4},"end":{"line":6,"column":50}},"5":{"start":{"line":8,"column":67},"end":{"line":8,"column":75}},"6":{"start":{"line":11,"column":4},"end":{"line":13,"column":5}},"7":{"start":{"line":12,"column":8},"end":{"line":12,"column":77}},"8":{"start":{"line":15,"column":4},"end":{"line":32,"column":5}},"9":{"start":{"line":17,"column":27},"end":{"line":24,"column":10}},"10":{"start":{"line":27,"column":8},"end":{"line":27,"column":32}},"11":{"start":{"line":28,"column":8},"end":{"line":28,"column":101}},"12":{"start":{"line":30,"column":8},"end":{"line":30,"column":58}},"13":{"start":{"line":31,"column":8},"end":{"line":31,"column":95}},"14":{"start":{"line":36,"column":0},"end":{"line":36,"column":24}}},"fnMap":{"0":{"name":"(anonymous_0)","decl":{"start":{"line":5,"column":20},"end":{"line":5,"column":21}},"loc":{"start":{"line":5,"column":40},"end":{"line":33,"column":1}},"line":5}},"branchMap":{"0":{"loc":{"start":{"line":11,"column":4},"end":{"line":13,"column":5}},"type":"if","locations":[{"start":{"line":11,"column":4},"end":{"line":13,"column":5}},{"start":{},"end":{}}],"line":11},"1":{"loc":{"start":{"line":11,"column":8},"end":{"line":11,"column":45}},"type":"binary-expr","locations":[{"start":{"line":11,"column":8},"end":{"line":11,"column":18}},{"start":{"line":11,"column":22},"end":{"line":11,"column":29}},{"start":{"line":11,"column":34},"end":{"line":11,"column":45}}],"line":11}},"s":{"0":1,"1":1,"2":1,"3":1,"4":3,"5":3,"6":3,"7":1,"8":2,"9":2,"10":2,"11":1,"12":1,"13":1,"14":1},"f":{"0":3},"b":{"0":[1,2],"1":[3,3,2]},"_coverageSchema":"1a1c01bbd47fc00a2c39e90264f33305004495a9","hash":"534b0fddbfb5635463c38e16284ea7d50c122359"}
,"D:\\BookHaven\\server\\routes\\uploadProfile.js": {"path":"D:\\BookHaven\\server\\routes\\uploadProfile.js","statementMap":{"0":{"start":{"line":1,"column":16},"end":{"line":1,"column":34}},"1":{"start":{"line":2,"column":15},"end":{"line":2,"column":31}},"2":{"start":{"line":3,"column":15},"end":{"line":3,"column":32}},"3":{"start":{"line":4,"column":19},"end":{"line":4,"column":43}},"4":{"start":{"line":5,"column":13},"end":{"line":5,"column":42}},"5":{"start":{"line":6,"column":12},"end":{"line":6,"column":35}},"6":{"start":{"line":7,"column":15},"end":{"line":7,"column":34}},"7":{"start":{"line":8,"column":15},"end":{"line":8,"column":42}},"8":{"start":{"line":9,"column":13},"end":{"line":9,"column":38}},"9":{"start":{"line":10,"column":17},"end":{"line":10,"column":46}},"10":{"start":{"line":11,"column":23},"end":{"line":11,"column":58}},"11":{"start":{"line":12,"column":14},"end":{"line":12,"column":40}},"12":{"start":{"line":13,"column":20},"end":{"line":13,"column":52}},"13":{"start":{"line":14,"column":17},"end":{"line":14,"column":46}},"14":{"start":{"line":15,"column":12},"end":{"line":15,"column":36}},"15":{"start":{"line":16,"column":14},"end":{"line":16,"column":40}},"16":{"start":{"line":17,"column":14},"end":{"line":17,"column":40}},"17":{"start":{"line":19,"column":16},"end":{"line":19,"column":38}},"18":{"start":{"line":20,"column":15},"end":{"line":20,"column":34}},"19":{"start":{"line":22,"column":0},"end":{"line":57,"column":3}},"20":{"start":{"line":23,"column":25},"end":{"line":23,"column":33}},"21":{"start":{"line":25,"column":4},"end":{"line":27,"column":5}},"22":{"start":{"line":26,"column":8},"end":{"line":26,"column":82}},"23":{"start":{"line":29,"column":4},"end":{"line":56,"column":5}},"24":{"start":{"line":31,"column":30},"end":{"line":40,"column":10}},"25":{"start":{"line":32,"column":27},"end":{"line":38,"column":13}},"26":{"start":{"line":35,"column":20},"end":{"line":36,"column":41}},"27":{"start":{"line":35,"column":31},"end":{"line":35,"column":45}},"28":{"start":{"line":36,"column":25},"end":{"line":36,"column":41}},"29":{"start":{"line":39,"column":12},"end":{"line":39,"column":40}},"30":{"start":{"line":43,"column":8},"end":{"line":46,"column":10}},"31":{"start":{"line":49,"column":8},"end":{"line":52,"column":11}},"32":{"start":{"line":54,"column":8},"end":{"line":54,"column":27}},"33":{"start":{"line":55,"column":8},"end":{"line":55,"column":57}},"34":{"start":{"line":58,"column":0},"end":{"line":72,"column":5}},"35":{"start":{"line":59,"column":25},"end":{"line":59,"column":33}},"36":{"start":{"line":61,"column":4},"end":{"line":63,"column":5}},"37":{"start":{"line":62,"column":6},"end":{"line":62,"column":69}},"38":{"start":{"line":65,"column":4},"end":{"line":71,"column":5}},"39":{"start":{"line":66,"column":6},"end":{"line":66,"column":87}},"40":{"start":{"line":67,"column":6},"end":{"line":67,"column":55}},"41":{"start":{"line":69,"column":6},"end":{"line":69,"column":25}},"42":{"start":{"line":70,"column":6},"end":{"line":70,"column":74}},"43":{"start":{"line":75,"column":0},"end":{"line":100,"column":3}},"44":{"start":{"line":76,"column":55},"end":{"line":76,"column":63}},"45":{"start":{"line":78,"column":4},"end":{"line":80,"column":5}},"46":{"start":{"line":79,"column":8},"end":{"line":79,"column":115}},"47":{"start":{"line":82,"column":4},"end":{"line":99,"column":5}},"48":{"start":{"line":83,"column":30},"end":{"line":86,"column":9}},"49":{"start":{"line":88,"column":8},"end":{"line":90,"column":9}},"50":{"start":{"line":89,"column":12},"end":{"line":89,"column":90}},"51":{"start":{"line":92,"column":8},"end":{"line":95,"column":11}},"52":{"start":{"line":97,"column":8},"end":{"line":97,"column":27}},"53":{"start":{"line":98,"column":8},"end":{"line":98,"column":57}},"54":{"start":{"line":101,"column":0},"end":{"line":137,"column":5}},"55":{"start":{"line":102,"column":45},"end":{"line":102,"column":53}},"56":{"start":{"line":104,"column":4},"end":{"line":106,"column":5}},"57":{"start":{"line":105,"column":6},"end":{"line":105,"column":73}},"58":{"start":{"line":108,"column":4},"end":{"line":136,"column":5}},"59":{"start":{"line":110,"column":21},"end":{"line":110,"column":69}},"60":{"start":{"line":112,"column":6},"end":{"line":114,"column":7}},"61":{"start":{"line":113,"column":8},"end":{"line":113,"column":68}},"62":{"start":{"line":117,"column":22},"end":{"line":117,"column":76}},"63":{"start":{"line":118,"column":6},"end":{"line":120,"column":7}},"64":{"start":{"line":119,"column":8},"end":{"line":119,"column":81}},"65":{"start":{"line":123,"column":19},"end":{"line":123,"column":43}},"66":{"start":{"line":124,"column":29},"end":{"line":124,"column":65}},"67":{"start":{"line":127,"column":6},"end":{"line":130,"column":8}},"68":{"start":{"line":132,"column":6},"end":{"line":132,"column":62}},"69":{"start":{"line":134,"column":6},"end":{"line":134,"column":25}},"70":{"start":{"line":135,"column":6},"end":{"line":135,"column":56}},"71":{"start":{"line":139,"column":0},"end":{"line":167,"column":5}},"72":{"start":{"line":140,"column":26},"end":{"line":140,"column":34}},"73":{"start":{"line":142,"column":4},"end":{"line":144,"column":5}},"74":{"start":{"line":143,"column":6},"end":{"line":143,"column":70}},"75":{"start":{"line":146,"column":4},"end":{"line":166,"column":5}},"76":{"start":{"line":148,"column":20},"end":{"line":148,"column":60}},"77":{"start":{"line":149,"column":22},"end":{"line":149,"column":52}},"78":{"start":{"line":149,"column":40},"end":{"line":149,"column":51}},"79":{"start":{"line":151,"column":6},"end":{"line":151,"column":62}},"80":{"start":{"line":152,"column":6},"end":{"line":152,"column":68}},"81":{"start":{"line":153,"column":6},"end":{"line":153,"column":59}},"82":{"start":{"line":154,"column":6},"end":{"line":154,"column":49}},"83":{"start":{"line":155,"column":6},"end":{"line":155,"column":62}},"84":{"start":{"line":156,"column":6},"end":{"line":156,"column":57}},"85":{"start":{"line":157,"column":6},"end":{"line":157,"column":59}},"86":{"start":{"line":158,"column":6},"end":{"line":158,"column":59}},"87":{"start":{"line":159,"column":6},"end":{"line":159,"column":53}},"88":{"start":{"line":160,"column":6},"end":{"line":160,"column":44}},"89":{"start":{"line":162,"column":6},"end":{"line":162,"column":89}},"90":{"start":{"line":164,"column":6},"end":{"line":164,"column":52}},"91":{"start":{"line":165,"column":6},"end":{"line":165,"column":63}},"92":{"start":{"line":169,"column":0},"end":{"line":169,"column":24}}},"fnMap":{"0":{"name":"(anonymous_0)","decl":{"start":{"line":22,"column":55},"end":{"line":22,"column":56}},"loc":{"start":{"line":22,"column":75},"end":{"line":57,"column":1}},"line":22},"1":{"name":"(anonymous_1)","decl":{"start":{"line":31,"column":48},"end":{"line":31,"column":49}},"loc":{"start":{"line":31,"column":69},"end":{"line":40,"column":9}},"line":31},"2":{"name":"(anonymous_2)","decl":{"start":{"line":34,"column":16},"end":{"line":34,"column":17}},"loc":{"start":{"line":34,"column":35},"end":{"line":37,"column":17}},"line":34},"3":{"name":"(anonymous_3)","decl":{"start":{"line":58,"column":31},"end":{"line":58,"column":32}},"loc":{"start":{"line":58,"column":51},"end":{"line":72,"column":3}},"line":58},"4":{"name":"(anonymous_4)","decl":{"start":{"line":75,"column":35},"end":{"line":75,"column":36}},"loc":{"start":{"line":75,"column":55},"end":{"line":100,"column":1}},"line":75},"5":{"name":"(anonymous_5)","decl":{"start":{"line":101,"column":38},"end":{"line":101,"column":39}},"loc":{"start":{"line":101,"column":58},"end":{"line":137,"column":3}},"line":101},"6":{"name":"(anonymous_6)","decl":{"start":{"line":139,"column":31},"end":{"line":139,"column":32}},"loc":{"start":{"line":139,"column":51},"end":{"line":167,"column":3}},"line":139},"7":{"name":"(anonymous_7)","decl":{"start":{"line":149,"column":32},"end":{"line":149,"column":33}},"loc":{"start":{"line":149,"column":40},"end":{"line":149,"column":51}},"line":149}},"branchMap":{"0":{"loc":{"start":{"line":25,"column":4},"end":{"line":27,"column":5}},"type":"if","locations":[{"start":{"line":25,"column":4},"end":{"line":27,"column":5}},{"start":{},"end":{}}],"line":25},"1":{"loc":{"start":{"line":25,"column":8},"end":{"line":25,"column":30}},"type":"binary-expr","locations":[{"start":{"line":25,"column":8},"end":{"line":25,"column":17}},{"start":{"line":25,"column":21},"end":{"line":25,"column":30}}],"line":25},"2":{"loc":{"start":{"line":35,"column":20},"end":{"line":36,"column":41}},"type":"if","locations":[{"start":{"line":35,"column":20},"end":{"line":36,"column":41}},{"start":{"line":36,"column":25},"end":{"line":36,"column":41}}],"line":35},"3":{"loc":{"start":{"line":61,"column":4},"end":{"line":63,"column":5}},"type":"if","locations":[{"start":{"line":61,"column":4},"end":{"line":63,"column":5}},{"start":{},"end":{}}],"line":61},"4":{"loc":{"start":{"line":78,"column":4},"end":{"line":80,"column":5}},"type":"if","locations":[{"start":{"line":78,"column":4},"end":{"line":80,"column":5}},{"start":{},"end":{}}],"line":78},"5":{"loc":{"start":{"line":78,"column":8},"end":{"line":78,"column":56}},"type":"binary-expr","locations":[{"start":{"line":78,"column":8},"end":{"line":78,"column":17}},{"start":{"line":78,"column":21},"end":{"line":78,"column":32}},{"start":{"line":78,"column":36},"end":{"line":78,"column":46}},{"start":{"line":78,"column":50},"end":{"line":78,"column":56}}],"line":78},"6":{"loc":{"start":{"line":88,"column":8},"end":{"line":90,"column":9}},"type":"if","locations":[{"start":{"line":88,"column":8},"end":{"line":90,"column":9}},{"start":{},"end":{}}],"line":88},"7":{"loc":{"start":{"line":104,"column":4},"end":{"line":106,"column":5}},"type":"if","locations":[{"start":{"line":104,"column":4},"end":{"line":106,"column":5}},{"start":{},"end":{}}],"line":104},"8":{"loc":{"start":{"line":104,"column":8},"end":{"line":104,"column":40}},"type":"binary-expr","locations":[{"start":{"line":104,"column":8},"end":{"line":104,"column":24}},{"start":{"line":104,"column":28},"end":{"line":104,"column":40}}],"line":104},"9":{"loc":{"start":{"line":112,"column":6},"end":{"line":114,"column":7}},"type":"if","locations":[{"start":{"line":112,"column":6},"end":{"line":114,"column":7}},{"start":{},"end":{}}],"line":112},"10":{"loc":{"start":{"line":118,"column":6},"end":{"line":120,"column":7}},"type":"if","locations":[{"start":{"line":118,"column":6},"end":{"line":120,"column":7}},{"start":{},"end":{}}],"line":118},"11":{"loc":{"start":{"line":142,"column":4},"end":{"line":144,"column":5}},"type":"if","locations":[{"start":{"line":142,"column":4},"end":{"line":144,"column":5}},{"start":{},"end":{}}],"line":142}},"s":{"0":1,"1":1,"2":1,"3":1,"4":1,"5":1,"6":1,"7":1,"8":1,"9":1,"10":1,"11":1,"12":1,"13":1,"14":1,"15":1,"16":1,"17":1,"18":1,"19":1,"20":3,"21":3,"22":1,"23":2,"24":2,"25":2,"26":2,"27":1,"28":1,"29":2,"30":1,"31":1,"32":1,"33":1,"34":1,"35":2,"36":2,"37":1,"38":1,"39":1,"40":1,"41":0,"42":0,"43":1,"44":2,"45":2,"46":1,"47":1,"48":1,"49":1,"50":0,"51":1,"52":0,"53":0,"54":1,"55":2,"56":2,"57":0,"58":2,"59":2,"60":2,"61":0,"62":2,"63":2,"64":1,"65":1,"66":1,"67":1,"68":1,"69":0,"70":0,"71":1,"72":2,"73":2,"74":1,"75":1,"76":1,"77":1,"78":2,"79":1,"80":1,"81":1,"82":1,"83":1,"84":1,"85":1,"86":1,"87":1,"88":1,"89":1,"90":0,"91":0,"92":1},"f":{"0":3,"1":2,"2":2,"3":2,"4":2,"5":2,"6":2,"7":2},"b":{"0":[1,2],"1":[3,2],"2":[1,1],"3":[1,1],"4":[1,1],"5":[2,2,1,1],"6":[0,1],"7":[0,2],"8":[2,2],"9":[0,2],"10":[1,1],"11":[1,1]},"_coverageSchema":"1a1c01bbd47fc00a2c39e90264f33305004495a9","hash":"54c93a998949efd76504e6bf93fc4b72a4bd00d9"}
}
