TN:
SF:models\Book.js
FNF:0
FNH:0
DA:1,4
DA:2,4
DA:4,4
DA:23,4
DA:25,4
LF:5
LH:5
BRF:0
BRH:0
end_of_record
TN:
SF:models\Favorite.js
FNF:0
FNH:0
DA:1,1
DA:2,1
DA:4,1
DA:10,1
DA:11,1
LF:5
LH:5
BRF:0
BRH:0
end_of_record
TN:
SF:models\LendingTracker.js
FNF:0
FNH:0
DA:1,2
DA:2,2
DA:4,2
DA:31,2
DA:33,2
LF:5
LH:5
BRF:0
BRH:0
end_of_record
TN:
SF:models\Quote.js
FN:17,(anonymous_0)
FNF:1
FNH:0
FNDA:0,(anonymous_0)
DA:1,1
DA:3,1
DA:17,1
DA:18,0
DA:20,0
DA:21,0
DA:23,0
DA:26,1
DA:33,1
LF:9
LH:5
BRDA:18,0,0,0
BRDA:18,0,1,0
BRDA:21,1,0,0
BRDA:21,1,1,0
BRDA:21,2,0,0
BRDA:21,2,1,0
BRF:6
BRH:0
end_of_record
TN:
SF:models\Reader.js
FN:19,(anonymous_0)
FNF:1
FNH:0
FNDA:0,(anonymous_0)
DA:1,1
DA:2,1
DA:3,1
DA:5,1
DA:16,1
DA:19,1
DA:20,0
DA:21,0
DA:22,0
DA:25,1
LF:10
LH:7
BRDA:20,0,0,0
BRDA:20,0,1,0
BRF:2
BRH:0
end_of_record
TN:
SF:models\ReadingGoal.js
FNF:0
FNH:0
DA:1,2
DA:2,2
DA:4,2
DA:21,2
DA:23,2
LF:5
LH:5
BRF:0
BRH:0
end_of_record
TN:
SF:models\Rereader.js
FNF:0
FNH:0
DA:1,1
DA:2,1
DA:3,1
DA:9,1
DA:10,1
LF:5
LH:5
BRF:0
BRH:0
end_of_record
TN:
SF:models\Tag.js
FNF:0
FNH:0
DA:1,1
DA:2,1
DA:4,1
DA:11,1
DA:13,1
LF:5
LH:5
BRF:0
BRH:0
end_of_record
TN:
SF:models\Timer.js
FNF:0
FNH:0
DA:2,2
DA:4,2
DA:13,2
LF:3
LH:3
BRF:0
BRH:0
end_of_record
TN:
SF:models\Trash.js
FNF:0
FNH:0
DA:1,1
DA:2,1
DA:4,1
DA:11,1
DA:13,1
LF:5
LH:5
BRF:0
BRH:0
end_of_record
TN:
SF:routes\books.js
FN:26,(anonymous_0)
FN:43,(anonymous_1)
FN:60,(anonymous_2)
FN:88,(anonymous_3)
FN:111,(anonymous_4)
FN:123,(anonymous_5)
FN:149,(anonymous_6)
FN:178,(anonymous_7)
FN:218,(anonymous_8)
FN:243,(anonymous_9)
FN:255,(anonymous_10)
FN:259,(anonymous_11)
FN:273,(anonymous_12)
FN:286,(anonymous_13)
FN:313,(anonymous_14)
FN:349,(anonymous_15)
FN:381,(anonymous_16)
FN:396,(anonymous_17)
FN:431,(anonymous_18)
FN:453,(anonymous_19)
FN:473,(anonymous_20)
FN:492,(anonymous_21)
FN:510,(anonymous_22)
FN:558,(anonymous_23)
FN:588,(anonymous_24)
FNF:25
FNH:22
FNDA:3,(anonymous_0)
FNDA:1,(anonymous_1)
FNDA:2,(anonymous_2)
FNDA:2,(anonymous_3)
FNDA:0,(anonymous_4)
FNDA:2,(anonymous_5)
FNDA:2,(anonymous_6)
FNDA:2,(anonymous_7)
FNDA:2,(anonymous_8)
FNDA:1,(anonymous_9)
FNDA:2,(anonymous_10)
FNDA:2,(anonymous_11)
FNDA:1,(anonymous_12)
FNDA:2,(anonymous_13)
FNDA:2,(anonymous_14)
FNDA:1,(anonymous_15)
FNDA:1,(anonymous_16)
FNDA:1,(anonymous_17)
FNDA:0,(anonymous_18)
FNDA:2,(anonymous_19)
FNDA:2,(anonymous_20)
FNDA:0,(anonymous_21)
FNDA:2,(anonymous_22)
FNDA:2,(anonymous_23)
FNDA:2,(anonymous_24)
DA:1,1
DA:2,1
DA:3,1
DA:4,1
DA:5,1
DA:6,1
DA:7,1
DA:8,1
DA:9,1
DA:10,1
DA:12,1
DA:15,1
DA:23,1
DA:26,1
DA:27,3
DA:28,3
DA:30,3
DA:31,1
DA:34,2
DA:35,1
DA:37,1
DA:38,1
DA:43,1
DA:44,1
DA:45,1
DA:46,1
DA:47,0
DA:50,1
DA:52,1
DA:54,0
DA:55,0
DA:60,1
DA:61,2
DA:62,2
DA:63,2
DA:65,2
DA:66,0
DA:69,2
DA:70,2
DA:71,1
DA:74,1
DA:79,1
DA:81,1
DA:83,0
DA:84,0
DA:88,1
DA:89,2
DA:90,2
DA:91,2
DA:94,2
DA:99,2
DA:100,1
DA:103,1
DA:105,0
DA:106,0
DA:111,1
DA:112,0
DA:113,0
DA:114,0
DA:115,0
DA:117,0
DA:118,0
DA:123,1
DA:124,2
DA:125,2
DA:126,2
DA:128,2
DA:129,0
DA:132,2
DA:133,1
DA:136,1
DA:141,1
DA:142,1
DA:144,0
DA:145,0
DA:149,1
DA:150,2
DA:151,2
DA:152,2
DA:154,2
DA:157,2
DA:159,2
DA:161,2
DA:162,1
DA:165,1
DA:167,0
DA:168,0
DA:178,1
DA:179,2
DA:181,2
DA:183,2
DA:184,2
DA:185,0
DA:189,2
DA:191,2
DA:193,1
DA:194,1
DA:200,1
DA:205,1
DA:206,1
DA:212,0
DA:213,0
DA:218,1
DA:219,2
DA:220,2
DA:223,2
DA:224,2
DA:226,2
DA:234,2
DA:236,0
DA:237,0
DA:243,1
DA:244,1
DA:246,1
DA:247,1
DA:248,0
DA:252,1
DA:255,2
DA:256,1
DA:259,2
DA:264,1
DA:266,0
DA:267,0
DA:273,1
DA:274,1
DA:275,1
DA:278,1
DA:279,0
DA:282,1
DA:285,1
DA:287,2
DA:288,2
DA:292,2
DA:293,2
DA:295,2
DA:303,1
DA:306,0
DA:307,0
DA:313,1
DA:314,2
DA:316,2
DA:318,2
DA:319,2
DA:320,1
DA:324,1
DA:325,1
DA:326,0
DA:330,1
DA:335,1
DA:338,1
DA:339,1
DA:341,1
DA:343,0
DA:344,0
DA:349,1
DA:350,1
DA:351,1
DA:353,1
DA:355,1
DA:356,0
DA:360,1
DA:361,2
DA:362,2
DA:363,0
DA:367,2
DA:368,2
DA:371,2
DA:374,1
DA:376,0
DA:377,0
DA:381,1
DA:382,1
DA:383,1
DA:384,1
DA:385,1
DA:386,1
DA:388,1
DA:390,0
DA:391,0
DA:396,1
DA:397,1
DA:398,1
DA:399,1
DA:400,1
DA:402,1
DA:403,1
DA:406,0
DA:423,0
DA:426,0
DA:428,0
DA:431,0
DA:432,0
DA:438,0
DA:441,0
DA:446,0
DA:447,0
DA:453,1
DA:454,2
DA:455,2
DA:456,2
DA:457,1
DA:461,1
DA:463,1
DA:465,0
DA:466,0
DA:473,1
DA:474,2
DA:475,2
DA:476,2
DA:482,2
DA:483,1
DA:486,1
DA:488,0
DA:489,0
DA:492,1
DA:493,0
DA:494,0
DA:495,0
DA:498,0
DA:504,0
DA:506,0
DA:507,0
DA:510,1
DA:511,2
DA:512,2
DA:513,2
DA:515,2
DA:517,2
DA:518,0
DA:522,2
DA:524,2
DA:525,0
DA:528,2
DA:531,2
DA:532,0
DA:534,2
DA:535,0
DA:536,0
DA:539,2
DA:541,2
DA:542,1
DA:543,1
DA:547,2
DA:549,2
DA:551,2
DA:553,0
DA:554,0
DA:558,1
DA:559,2
DA:560,2
DA:561,2
DA:562,1
DA:564,1
DA:565,1
DA:571,1
DA:574,1
DA:575,1
DA:576,1
DA:577,1
DA:579,1
DA:581,1
DA:583,0
DA:584,0
DA:588,1
DA:589,2
DA:590,2
DA:592,2
DA:593,0
DA:596,2
DA:598,2
DA:599,1
DA:602,1
DA:604,0
DA:605,0
DA:608,1
LF:275
LH:203
BRDA:30,0,0,1
BRDA:30,0,1,2
BRDA:46,1,0,0
BRDA:46,1,1,1
BRDA:65,2,0,0
BRDA:65,2,1,2
BRDA:65,3,0,2
BRDA:65,3,1,2
BRDA:70,4,0,1
BRDA:70,4,1,1
BRDA:99,5,0,1
BRDA:99,5,1,1
BRDA:128,6,0,0
BRDA:128,6,1,2
BRDA:132,7,0,1
BRDA:132,7,1,1
BRDA:132,8,0,2
BRDA:132,8,1,1
BRDA:161,9,0,1
BRDA:161,9,1,1
BRDA:184,10,0,0
BRDA:184,10,1,2
BRDA:191,11,0,1
BRDA:191,11,1,1
BRDA:247,12,0,0
BRDA:247,12,1,1
BRDA:278,13,0,0
BRDA:278,13,1,1
BRDA:288,14,0,0
BRDA:288,14,1,2
BRDA:292,15,0,0
BRDA:292,15,1,2
BRDA:293,16,0,2
BRDA:293,16,1,0
BRDA:319,17,0,1
BRDA:319,17,1,1
BRDA:325,18,0,0
BRDA:325,18,1,1
BRDA:355,19,0,0
BRDA:355,19,1,1
BRDA:362,20,0,0
BRDA:362,20,1,2
BRDA:402,21,0,1
BRDA:402,21,1,0
BRDA:418,22,0,0
BRDA:418,22,1,0
BRDA:426,23,0,0
BRDA:426,23,1,0
BRDA:426,24,0,0
BRDA:426,24,1,0
BRDA:428,25,0,0
BRDA:428,25,1,0
BRDA:455,26,0,2
BRDA:455,26,1,1
BRDA:456,27,0,1
BRDA:456,27,1,1
BRDA:482,28,0,1
BRDA:482,28,1,1
BRDA:517,29,0,0
BRDA:517,29,1,2
BRDA:517,30,0,2
BRDA:517,30,1,2
BRDA:524,31,0,0
BRDA:524,31,1,2
BRDA:531,32,0,0
BRDA:531,32,1,2
BRDA:534,33,0,0
BRDA:534,33,1,2
BRDA:534,34,0,2
BRDA:534,34,1,0
BRDA:541,35,0,1
BRDA:541,35,1,1
BRDA:561,36,0,1
BRDA:561,36,1,1
BRDA:561,37,0,2
BRDA:561,37,1,2
BRDA:592,38,0,0
BRDA:592,38,1,2
BRDA:598,39,0,1
BRDA:598,39,1,1
BRF:80
BRH:53
end_of_record
TN:
SF:routes\dashboard.js
FN:9,(anonymous_0)
FN:41,(anonymous_1)
FN:94,(anonymous_2)
FN:106,(anonymous_3)
FNF:4
FNH:4
FNDA:3,(anonymous_0)
FNDA:3,(anonymous_1)
FNDA:2,(anonymous_2)
FNDA:3,(anonymous_3)
DA:1,1
DA:2,1
DA:3,1
DA:4,1
DA:5,1
DA:6,1
DA:9,1
DA:10,3
DA:11,3
DA:13,3
DA:14,1
DA:17,2
DA:19,2
DA:24,1
DA:29,1
DA:34,1
DA:36,1
DA:37,1
DA:41,1
DA:42,3
DA:43,3
DA:44,0
DA:46,3
DA:49,3
DA:50,3
DA:52,3
DA:82,2
DA:84,2
DA:85,1
DA:88,1
DA:90,1
DA:91,1
DA:94,1
DA:95,2
DA:96,2
DA:97,2
DA:98,0
DA:100,2
DA:101,1
DA:103,1
DA:106,1
DA:108,3
DA:110,3
DA:111,3
DA:112,0
DA:114,3
DA:120,2
DA:122,2
DA:123,1
DA:126,1
DA:128,1
DA:129,1
DA:132,1
LF:53
LH:50
BRDA:13,0,0,1
BRDA:13,0,1,2
BRDA:43,1,0,0
BRDA:43,1,1,3
BRDA:84,2,0,1
BRDA:84,2,1,1
BRDA:97,3,0,0
BRDA:97,3,1,2
BRDA:111,4,0,0
BRDA:111,4,1,3
BRDA:122,5,0,1
BRDA:122,5,1,1
BRF:12
BRH:9
end_of_record
TN:
SF:routes\lending.js
FN:214,(anonymous_0)
FN:226,(anonymous_1)
FN:239,(anonymous_2)
FN:244,(anonymous_3)
FN:248,(anonymous_4)
FN:249,(anonymous_5)
FN:266,(anonymous_6)
FN:278,(anonymous_7)
FN:291,(anonymous_8)
FN:296,(anonymous_9)
FN:300,(anonymous_10)
FN:301,(anonymous_11)
FN:318,(anonymous_12)
FN:347,(anonymous_13)
FN:357,(anonymous_14)
FN:380,(anonymous_15)
FN:423,(anonymous_16)
FNF:17
FNH:17
FNDA:2,(anonymous_0)
FNDA:1,(anonymous_1)
FNDA:1,(anonymous_2)
FNDA:2,(anonymous_3)
FNDA:2,(anonymous_4)
FNDA:2,(anonymous_5)
FNDA:2,(anonymous_6)
FNDA:1,(anonymous_7)
FNDA:1,(anonymous_8)
FNDA:1,(anonymous_9)
FNDA:1,(anonymous_10)
FNDA:1,(anonymous_11)
FNDA:2,(anonymous_12)
FNDA:2,(anonymous_13)
FNDA:1,(anonymous_14)
FNDA:4,(anonymous_15)
FNDA:2,(anonymous_16)
DA:208,1
DA:209,1
DA:210,1
DA:211,1
DA:214,1
DA:215,2
DA:216,2
DA:218,2
DA:219,1
DA:222,1
DA:225,1
DA:226,1
DA:228,1
DA:231,1
DA:236,1
DA:239,1
DA:240,1
DA:242,1
DA:244,2
DA:248,1
DA:249,2
DA:250,2
DA:257,1
DA:258,1
DA:260,0
DA:261,0
DA:266,1
DA:267,2
DA:268,2
DA:270,2
DA:271,1
DA:274,1
DA:277,1
DA:278,1
DA:280,1
DA:283,1
DA:288,1
DA:291,1
DA:292,1
DA:294,1
DA:296,1
DA:300,1
DA:301,1
DA:302,1
DA:309,1
DA:310,1
DA:312,0
DA:313,0
DA:318,1
DA:319,2
DA:320,2
DA:321,2
DA:323,2
DA:326,2
DA:327,0
DA:330,2
DA:333,2
DA:335,2
DA:336,1
DA:339,1
DA:341,0
DA:342,0
DA:347,1
DA:348,2
DA:349,2
DA:351,2
DA:352,1
DA:356,1
DA:357,1
DA:360,1
DA:363,1
DA:364,0
DA:367,1
DA:370,1
DA:372,1
DA:374,0
DA:375,0
DA:380,1
DA:381,4
DA:382,4
DA:384,4
DA:385,1
DA:389,3
DA:390,3
DA:391,1
DA:395,2
DA:400,2
DA:401,1
DA:405,1
DA:413,1
DA:415,1
DA:417,0
DA:418,0
DA:423,1
DA:424,2
DA:425,2
DA:426,2
DA:428,2
DA:431,2
DA:432,0
DA:435,2
DA:437,2
DA:438,1
DA:441,1
DA:443,0
DA:444,0
DA:448,1
LF:107
LH:92
BRDA:218,0,0,1
BRDA:218,0,1,1
BRDA:252,1,0,0
BRDA:252,1,1,2
BRDA:270,2,0,1
BRDA:270,2,1,1
BRDA:304,3,0,0
BRDA:304,3,1,1
BRDA:326,4,0,0
BRDA:326,4,1,2
BRDA:335,5,0,1
BRDA:335,5,1,1
BRDA:351,6,0,1
BRDA:351,6,1,1
BRDA:363,7,0,0
BRDA:363,7,1,1
BRDA:384,8,0,1
BRDA:384,8,1,3
BRDA:384,9,0,4
BRDA:384,9,1,3
BRDA:384,9,2,3
BRDA:384,9,3,3
BRDA:390,10,0,1
BRDA:390,10,1,2
BRDA:400,11,0,1
BRDA:400,11,1,1
BRDA:410,12,0,1
BRDA:410,12,1,1
BRDA:431,13,0,0
BRDA:431,13,1,2
BRDA:437,14,0,1
BRDA:437,14,1,1
BRF:32
BRH:27
end_of_record
TN:
SF:routes\readingGoals.js
FN:8,(anonymous_0)
FN:32,(anonymous_1)
FN:118,(anonymous_2)
FN:149,(anonymous_3)
FNF:4
FNH:4
FNDA:3,(anonymous_0)
FNDA:4,(anonymous_1)
FNDA:1,(anonymous_2)
FNDA:4,(anonymous_3)
DA:1,1
DA:2,1
DA:3,1
DA:4,1
DA:5,1
DA:6,1
DA:8,1
DA:9,3
DA:10,3
DA:11,1
DA:15,2
DA:16,1
DA:20,1
DA:21,1
DA:22,1
DA:23,1
DA:24,1
DA:32,1
DA:33,4
DA:34,4
DA:35,1
DA:37,3
DA:38,3
DA:40,3
DA:42,2
DA:43,1
DA:44,1
DA:47,1
DA:48,1
DA:51,1
DA:52,0
DA:53,0
DA:54,0
DA:55,0
DA:56,0
DA:60,1
DA:61,0
DA:62,0
DA:63,0
DA:64,0
DA:65,0
DA:69,1
DA:70,0
DA:71,0
DA:72,0
DA:73,0
DA:74,0
DA:78,1
DA:79,0
DA:80,0
DA:84,1
DA:90,1
DA:96,1
DA:103,1
DA:110,1
DA:112,1
DA:113,1
DA:118,1
DA:119,1
DA:120,1
DA:121,1
DA:122,1
DA:124,1
DA:140,1
DA:141,1
DA:143,0
DA:144,0
DA:149,1
DA:150,4
DA:151,4
DA:152,1
DA:154,3
DA:155,3
DA:157,3
DA:164,2
DA:165,1
DA:166,1
DA:169,1
DA:171,1
DA:172,1
DA:177,1
LF:81
LH:62
BRDA:10,0,0,1
BRDA:10,0,1,2
BRDA:15,1,0,1
BRDA:15,1,1,1
BRDA:20,2,0,1
BRDA:20,2,1,0
BRDA:34,3,0,1
BRDA:34,3,1,3
BRDA:42,4,0,1
BRDA:42,4,1,1
BRDA:51,5,0,0
BRDA:51,5,1,1
BRDA:60,6,0,0
BRDA:60,6,1,1
BRDA:69,7,0,0
BRDA:69,7,1,1
BRDA:78,8,0,0
BRDA:78,8,1,1
BRDA:151,9,0,1
BRDA:151,9,1,3
BRDA:164,10,0,1
BRDA:164,10,1,1
BRF:22
BRH:17
end_of_record
TN:
SF:routes\summary.js
FN:9,(anonymous_0)
FNF:1
FNH:1
FNDA:3,(anonymous_0)
DA:1,1
DA:2,1
DA:3,1
DA:4,1
DA:7,1
DA:9,1
DA:10,3
DA:12,3
DA:13,2
DA:16,1
DA:19,1
DA:22,1
DA:27,1
DA:28,1
DA:29,1
DA:31,1
DA:33,0
DA:36,0
DA:37,0
DA:38,0
DA:41,0
DA:48,1
LF:22
LH:17
BRDA:12,0,0,2
BRDA:12,0,1,1
BRDA:12,1,0,3
BRDA:12,1,1,2
BRDA:37,2,0,0
BRDA:37,2,1,0
BRDA:37,3,0,0
BRDA:37,3,1,0
BRF:8
BRH:4
end_of_record
TN:
SF:routes\timer.js
FN:5,(anonymous_0)
FNF:1
FNH:1
FNDA:3,(anonymous_0)
DA:1,1
DA:2,1
DA:3,1
DA:5,1
DA:6,3
DA:8,3
DA:11,3
DA:12,1
DA:15,2
DA:17,2
DA:27,2
DA:28,1
DA:30,1
DA:31,1
DA:36,1
LF:15
LH:15
BRDA:11,0,0,1
BRDA:11,0,1,2
BRDA:11,1,0,3
BRDA:11,1,1,3
BRDA:11,1,2,2
BRF:5
BRH:5
end_of_record
TN:
SF:routes\uploadProfile.js
FN:22,(anonymous_0)
FN:31,(anonymous_1)
FN:34,(anonymous_2)
FN:58,(anonymous_3)
FN:75,(anonymous_4)
FN:101,(anonymous_5)
FN:139,(anonymous_6)
FN:149,(anonymous_7)
FNF:8
FNH:8
FNDA:3,(anonymous_0)
FNDA:2,(anonymous_1)
FNDA:2,(anonymous_2)
FNDA:2,(anonymous_3)
FNDA:2,(anonymous_4)
FNDA:2,(anonymous_5)
FNDA:2,(anonymous_6)
FNDA:2,(anonymous_7)
DA:1,1
DA:2,1
DA:3,1
DA:4,1
DA:5,1
DA:6,1
DA:7,1
DA:8,1
DA:9,1
DA:10,1
DA:11,1
DA:12,1
DA:13,1
DA:14,1
DA:15,1
DA:16,1
DA:17,1
DA:19,1
DA:20,1
DA:22,1
DA:23,3
DA:25,3
DA:26,1
DA:29,2
DA:31,2
DA:32,2
DA:35,2
DA:36,1
DA:39,2
DA:43,1
DA:49,1
DA:54,1
DA:55,1
DA:58,1
DA:59,2
DA:61,2
DA:62,1
DA:65,1
DA:66,1
DA:67,1
DA:69,0
DA:70,0
DA:75,1
DA:76,2
DA:78,2
DA:79,1
DA:82,1
DA:83,1
DA:88,1
DA:89,0
DA:92,1
DA:97,0
DA:98,0
DA:101,1
DA:102,2
DA:104,2
DA:105,0
DA:108,2
DA:110,2
DA:112,2
DA:113,0
DA:117,2
DA:118,2
DA:119,1
DA:123,1
DA:124,1
DA:127,1
DA:132,1
DA:134,0
DA:135,0
DA:139,1
DA:140,2
DA:142,2
DA:143,1
DA:146,1
DA:148,1
DA:149,2
DA:151,1
DA:152,1
DA:153,1
DA:154,1
DA:155,1
DA:156,1
DA:157,1
DA:158,1
DA:159,1
DA:160,1
DA:162,1
DA:164,0
DA:165,0
DA:169,1
LF:91
LH:80
BRDA:25,0,0,1
BRDA:25,0,1,2
BRDA:25,1,0,3
BRDA:25,1,1,2
BRDA:35,2,0,1
BRDA:35,2,1,1
BRDA:61,3,0,1
BRDA:61,3,1,1
BRDA:78,4,0,1
BRDA:78,4,1,1
BRDA:78,5,0,2
BRDA:78,5,1,2
BRDA:78,5,2,1
BRDA:78,5,3,1
BRDA:88,6,0,0
BRDA:88,6,1,1
BRDA:104,7,0,0
BRDA:104,7,1,2
BRDA:104,8,0,2
BRDA:104,8,1,2
BRDA:112,9,0,0
BRDA:112,9,1,2
BRDA:118,10,0,1
BRDA:118,10,1,1
BRDA:142,11,0,1
BRDA:142,11,1,1
BRF:26
BRH:23
end_of_record
